{"/Users/martin/personal-projects/storyblok/test-storyblock/src/app/error.tsx": {"path":"/Users/martin/personal-projects/storyblok/test-storyblock/src/app/error.tsx","statementMap":{"0":{"start":{"line":10,"column":24},"end":{"line":10,"column":34}},"1":{"start":{"line":3,"column":26},"end":{"line":3,"column":null}},"2":{"start":{"line":11,"column":1},"end":{"line":13,"column":null}},"3":{"start":{"line":12,"column":2},"end":{"line":12,"column":null}},"4":{"start":{"line":26,"column":19},"end":{"line":26,"column":null}}},"fnMap":{"0":{"name":"ErrorPage","decl":{"start":{"line":10,"column":24},"end":{"line":10,"column":34}},"loc":{"start":{"line":10,"column":76},"end":{"line":33,"column":null}}},"1":{"name":"(anonymous_2)","decl":{"start":{"line":11,"column":11},"end":{"line":11,"column":null}},"loc":{"start":{"line":11,"column":11},"end":{"line":13,"column":4}}},"2":{"name":"(anonymous_3)","decl":{"start":{"line":26,"column":13},"end":{"line":26,"column":19}},"loc":{"start":{"line":26,"column":19},"end":{"line":26,"column":null}}}},"branchMap":{"0":{"loc":{"start":{"line":21,"column":4},"end":{"line":21,"column":16}},"type":"binary-expr","locations":[{"start":{"line":21,"column":4},"end":{"line":21,"column":16}}]}},"s":{"0":0,"1":0,"2":0,"3":0,"4":0},"f":{"0":0,"1":0,"2":0},"b":{"0":[0]}}
,"/Users/martin/personal-projects/storyblok/test-storyblock/src/app/robots.ts": {"path":"/Users/martin/personal-projects/storyblok/test-storyblock/src/app/robots.ts","statementMap":{"0":{"start":{"line":3,"column":24},"end":{"line":3,"column":null}},"1":{"start":{"line":4,"column":16},"end":{"line":4,"column":68}},"2":{"start":{"line":6,"column":2},"end":{"line":7,"column":null}},"3":{"start":{"line":9,"column":1},"end":{"line":16,"column":null}}},"fnMap":{"0":{"name":"robots","decl":{"start":{"line":3,"column":24},"end":{"line":3,"column":null}},"loc":{"start":{"line":3,"column":24},"end":{"line":17,"column":null}}}},"branchMap":{"0":{"loc":{"start":{"line":4,"column":16},"end":{"line":4,"column":68}},"type":"binary-expr","locations":[{"start":{"line":4,"column":16},"end":{"line":4,"column":46}},{"start":{"line":4,"column":50},"end":{"line":4,"column":68}}]},"1":{"loc":{"start":{"line":6,"column":2},"end":{"line":7,"column":null}},"type":"binary-expr","locations":[{"start":{"line":6,"column":2},"end":{"line":6,"column":null}},{"start":{"line":7,"column":2},"end":{"line":7,"column":null}}]},"2":{"loc":{"start":{"line":12,"column":10},"end":{"line":12,"column":null}},"type":"cond-expr","locations":[{"start":{"line":12,"column":25},"end":{"line":12,"column":31}},{"start":{"line":12,"column":31},"end":{"line":12,"column":null}}]},"3":{"loc":{"start":{"line":13,"column":7},"end":{"line":13,"column":41}},"type":"binary-expr","locations":[{"start":{"line":13,"column":7},"end":{"line":13,"column":24}},{"start":{"line":13,"column":24},"end":{"line":13,"column":41}}]},"4":{"loc":{"start":{"line":15,"column":11},"end":{"line":15,"column":null}},"type":"cond-expr","locations":[{"start":{"line":15,"column":26},"end":{"line":15,"column":49}},{"start":{"line":15,"column":52},"end":{"line":15,"column":null}}]}},"s":{"0":0,"1":0,"2":0,"3":0},"f":{"0":0},"b":{"0":[0,0],"1":[0,0],"2":[0,0],"3":[0,0],"4":[0,0]}}
,"/Users/martin/personal-projects/storyblok/test-storyblock/src/app/sitemap.ts": {"path":"/Users/martin/personal-projects/storyblok/test-storyblock/src/app/sitemap.ts","statementMap":{"0":{"start":{"line":3,"column":30},"end":{"line":3,"column":null}},"1":{"start":{"line":4,"column":16},"end":{"line":4,"column":68}},"2":{"start":{"line":7,"column":2},"end":{"line":8,"column":null}},"3":{"start":{"line":10,"column":1},"end":{"line":10,"column":null}},"4":{"start":{"line":10,"column":20},"end":{"line":10,"column":null}},"5":{"start":{"line":12,"column":20},"end":{"line":12,"column":null}},"6":{"start":{"line":18,"column":31},"end":{"line":28,"column":null}},"7":{"start":{"line":24,"column":17},"end":{"line":24,"column":null}},"8":{"start":{"line":26,"column":3},"end":{"line":26,"column":null}},"9":{"start":{"line":26,"column":52},"end":{"line":26,"column":63}},"10":{"start":{"line":28,"column":15},"end":{"line":28,"column":17}},"11":{"start":{"line":30,"column":45},"end":{"line":91,"column":null}},"12":{"start":{"line":93,"column":52},"end":{"line":103,"column":null}},"13":{"start":{"line":94,"column":13},"end":{"line":103,"column":null}},"14":{"start":{"line":106,"column":1},"end":{"line":106,"column":null}}},"fnMap":{"0":{"name":"sitemap","decl":{"start":{"line":3,"column":30},"end":{"line":3,"column":null}},"loc":{"start":{"line":3,"column":30},"end":{"line":107,"column":null}}},"1":{"name":"(anonymous_2)","decl":{"start":{"line":24,"column":8},"end":{"line":24,"column":9}},"loc":{"start":{"line":24,"column":17},"end":{"line":24,"column":null}}},"2":{"name":"(anonymous_3)","decl":{"start":{"line":25,"column":8},"end":{"line":25,"column":9}},"loc":{"start":{"line":26,"column":3},"end":{"line":26,"column":null}}},"3":{"name":"(anonymous_4)","decl":{"start":{"line":26,"column":22},"end":{"line":26,"column":23}},"loc":{"start":{"line":26,"column":52},"end":{"line":26,"column":63}}},"4":{"name":"(anonymous_5)","decl":{"start":{"line":28,"column":9},"end":{"line":28,"column":15}},"loc":{"start":{"line":28,"column":15},"end":{"line":28,"column":17}}},"5":{"name":"(anonymous_6)","decl":{"start":{"line":94,"column":2},"end":{"line":94,"column":3}},"loc":{"start":{"line":94,"column":13},"end":{"line":103,"column":null}}}},"branchMap":{"0":{"loc":{"start":{"line":4,"column":16},"end":{"line":4,"column":68}},"type":"binary-expr","locations":[{"start":{"line":4,"column":16},"end":{"line":4,"column":46}},{"start":{"line":4,"column":50},"end":{"line":4,"column":68}}]},"1":{"loc":{"start":{"line":7,"column":2},"end":{"line":8,"column":null}},"type":"binary-expr","locations":[{"start":{"line":7,"column":2},"end":{"line":7,"column":null}},{"start":{"line":8,"column":2},"end":{"line":8,"column":null}}]},"2":{"loc":{"start":{"line":10,"column":1},"end":{"line":10,"column":null}},"type":"if","locations":[{"start":{"line":10,"column":1},"end":{"line":10,"column":null}}]},"3":{"loc":{"start":{"line":12,"column":20},"end":{"line":12,"column":null}},"type":"binary-expr","locations":[{"start":{"line":12,"column":20},"end":{"line":12,"column":43}},{"start":{"line":12,"column":47},"end":{"line":12,"column":null}}]}},"s":{"0":0,"1":0,"2":0,"3":0,"4":0,"5":0,"6":0,"7":0,"8":0,"9":0,"10":0,"11":0,"12":0,"13":0,"14":0},"f":{"0":0,"1":0,"2":0,"3":0,"4":0,"5":0},"b":{"0":[0,0],"1":[0,0],"2":[0],"3":[0,0]}}
,"/Users/martin/personal-projects/storyblok/test-storyblock/src/app/[lang]/layout.tsx": {"path":"/Users/martin/personal-projects/storyblok/test-storyblock/src/app/[lang]/layout.tsx","statementMap":{"0":{"start":{"line":25,"column":30},"end":{"line":25,"column":41}},"1":{"start":{"line":21,"column":22},"end":{"line":21,"column":null}},"2":{"start":{"line":17,"column":13},"end":{"line":17,"column":34}},"3":{"start":{"line":15,"column":13},"end":{"line":15,"column":26}},"4":{"start":{"line":2,"column":20},"end":{"line":2,"column":null}},"5":{"start":{"line":3,"column":39},"end":{"line":3,"column":null}},"6":{"start":{"line":4,"column":33},"end":{"line":4,"column":null}},"7":{"start":{"line":7,"column":34},"end":{"line":7,"column":null}},"8":{"start":{"line":8,"column":30},"end":{"line":8,"column":null}},"9":{"start":{"line":9,"column":34},"end":{"line":9,"column":null}},"10":{"start":{"line":10,"column":25},"end":{"line":10,"column":null}},"11":{"start":{"line":11,"column":7},"end":{"line":11,"column":null}},"12":{"start":{"line":12,"column":29},"end":{"line":12,"column":null}},"13":{"start":{"line":13,"column":29},"end":{"line":13,"column":null}},"14":{"start":{"line":15,"column":26},"end":{"line":15,"column":31}},"15":{"start":{"line":17,"column":34},"end":{"line":19,"column":null}},"16":{"start":{"line":22,"column":1},"end":{"line":22,"column":null}},"17":{"start":{"line":22,"column":38},"end":{"line":22,"column":null}},"18":{"start":{"line":32,"column":18},"end":{"line":32,"column":null}},"19":{"start":{"line":33,"column":1},"end":{"line":33,"column":null}},"20":{"start":{"line":35,"column":20},"end":{"line":35,"column":null}},"21":{"start":{"line":40,"column":22},"end":{"line":40,"column":null}},"22":{"start":{"line":41,"column":21},"end":{"line":41,"column":null}}},"fnMap":{"0":{"name":"(anonymous_9)","decl":{"start":{"line":12,"column":23},"end":{"line":12,"column":29}},"loc":{"start":{"line":12,"column":29},"end":{"line":12,"column":null}}},"1":{"name":"(anonymous_10)","decl":{"start":{"line":12,"column":29},"end":{"line":12,"column":36}},"loc":{"start":{"line":12,"column":29},"end":{"line":12,"column":null}}},"2":{"name":"(anonymous_12)","decl":{"start":{"line":13,"column":23},"end":{"line":13,"column":29}},"loc":{"start":{"line":13,"column":29},"end":{"line":13,"column":null}}},"3":{"name":"(anonymous_13)","decl":{"start":{"line":13,"column":29},"end":{"line":13,"column":36}},"loc":{"start":{"line":13,"column":29},"end":{"line":13,"column":null}}},"4":{"name":"generateStaticParams","decl":{"start":{"line":21,"column":22},"end":{"line":21,"column":null}},"loc":{"start":{"line":21,"column":22},"end":{"line":23,"column":null}}},"5":{"name":"(anonymous_16)","decl":{"start":{"line":22,"column":25},"end":{"line":22,"column":26}},"loc":{"start":{"line":22,"column":38},"end":{"line":22,"column":null}}},"6":{"name":"PageLayout","decl":{"start":{"line":25,"column":30},"end":{"line":25,"column":41}},"loc":{"start":{"line":31,"column":2},"end":{"line":135,"column":null}}}},"branchMap":{"0":{"loc":{"start":{"line":35,"column":20},"end":{"line":35,"column":null}},"type":"binary-expr","locations":[{"start":{"line":35,"column":20},"end":{"line":35,"column":43}},{"start":{"line":35,"column":47},"end":{"line":35,"column":null}}]}},"s":{"0":0,"1":0,"2":0,"3":0,"4":0,"5":0,"6":0,"7":0,"8":0,"9":0,"10":0,"11":0,"12":0,"13":0,"14":0,"15":0,"16":0,"17":0,"18":0,"19":0,"20":0,"21":0,"22":0},"f":{"0":0,"1":0,"2":0,"3":0,"4":0,"5":0,"6":0},"b":{"0":[0,0]}}
,"/Users/martin/personal-projects/storyblok/test-storyblock/src/app/[lang]/not-found.tsx": {"path":"/Users/martin/personal-projects/storyblok/test-storyblock/src/app/[lang]/not-found.tsx","statementMap":{"0":{"start":{"line":3,"column":24},"end":{"line":3,"column":null}},"1":{"start":{"line":1,"column":17},"end":{"line":1,"column":null}}},"fnMap":{"0":{"name":"NotFound","decl":{"start":{"line":3,"column":24},"end":{"line":3,"column":null}},"loc":{"start":{"line":3,"column":24},"end":{"line":11,"column":null}}}},"branchMap":{},"s":{"0":0,"1":0},"f":{"0":0},"b":{}}
,"/Users/martin/personal-projects/storyblok/test-storyblock/src/app/[lang]/[[...slug]]/page.tsx": {"path":"/Users/martin/personal-projects/storyblok/test-storyblock/src/app/[lang]/[[...slug]]/page.tsx","statementMap":{"0":{"start":{"line":20,"column":30},"end":{"line":20,"column":35}},"1":{"start":{"line":9,"column":22},"end":{"line":9,"column":39}},"2":{"start":{"line":1,"column":31},"end":{"line":1,"column":null}},"3":{"start":{"line":3,"column":25},"end":{"line":3,"column":null}},"4":{"start":{"line":4,"column":33},"end":{"line":4,"column":null}},"5":{"start":{"line":6,"column":25},"end":{"line":6,"column":null}},"6":{"start":{"line":7,"column":42},"end":{"line":7,"column":null}},"7":{"start":{"line":14,"column":24},"end":{"line":14,"column":null}},"8":{"start":{"line":15,"column":19},"end":{"line":15,"column":64}},"9":{"start":{"line":17,"column":1},"end":{"line":17,"column":null}},"10":{"start":{"line":23,"column":24},"end":{"line":23,"column":null}},"11":{"start":{"line":24,"column":1},"end":{"line":24,"column":null}},"12":{"start":{"line":27,"column":19},"end":{"line":27,"column":64}},"13":{"start":{"line":29,"column":20},"end":{"line":29,"column":null}},"14":{"start":{"line":34,"column":15},"end":{"line":34,"column":null}},"15":{"start":{"line":36,"column":1},"end":{"line":38,"column":null}},"16":{"start":{"line":37,"column":2},"end":{"line":37,"column":null}}},"fnMap":{"0":{"name":"generateMetadata","decl":{"start":{"line":9,"column":22},"end":{"line":9,"column":39}},"loc":{"start":{"line":13,"column":1},"end":{"line":18,"column":null}}},"1":{"name":"Page","decl":{"start":{"line":20,"column":30},"end":{"line":20,"column":35}},"loc":{"start":{"line":22,"column":66},"end":{"line":41,"column":null}}}},"branchMap":{"0":{"loc":{"start":{"line":15,"column":19},"end":{"line":15,"column":64}},"type":"cond-expr","locations":[{"start":{"line":15,"column":26},"end":{"line":15,"column":55}},{"start":{"line":15,"column":55},"end":{"line":15,"column":64}}]},"1":{"loc":{"start":{"line":27,"column":19},"end":{"line":27,"column":64}},"type":"cond-expr","locations":[{"start":{"line":27,"column":26},"end":{"line":27,"column":55}},{"start":{"line":27,"column":55},"end":{"line":27,"column":64}}]},"2":{"loc":{"start":{"line":29,"column":20},"end":{"line":29,"column":null}},"type":"binary-expr","locations":[{"start":{"line":29,"column":20},"end":{"line":29,"column":43}},{"start":{"line":29,"column":47},"end":{"line":29,"column":null}}]},"3":{"loc":{"start":{"line":36,"column":1},"end":{"line":38,"column":null}},"type":"if","locations":[{"start":{"line":36,"column":1},"end":{"line":38,"column":null}}]}},"s":{"0":0,"1":0,"2":0,"3":0,"4":0,"5":0,"6":0,"7":0,"8":0,"9":0,"10":0,"11":0,"12":0,"13":0,"14":0,"15":0,"16":0},"f":{"0":0,"1":0},"b":{"0":[0,0],"1":[0,0],"2":[0,0],"3":[0]}}
,"/Users/martin/personal-projects/storyblok/test-storyblock/src/app/actions/contactFormAction.ts": {"path":"/Users/martin/personal-projects/storyblok/test-storyblock/src/app/actions/contactFormAction.ts","statementMap":{"0":{"start":{"line":18,"column":22},"end":{"line":18,"column":null}},"1":{"start":{"line":3,"column":24},"end":{"line":3,"column":null}},"2":{"start":{"line":4,"column":34},"end":{"line":4,"column":null}},"3":{"start":{"line":5,"column":28},"end":{"line":5,"column":null}},"4":{"start":{"line":10,"column":7},"end":{"line":10,"column":null}},"5":{"start":{"line":24,"column":21},"end":{"line":24,"column":null}},"6":{"start":{"line":27,"column":1},"end":{"line":106,"column":null}},"7":{"start":{"line":28,"column":24},"end":{"line":30,"column":null}},"8":{"start":{"line":33,"column":2},"end":{"line":39,"column":null}},"9":{"start":{"line":34,"column":3},"end":{"line":38,"column":null}},"10":{"start":{"line":41,"column":24},"end":{"line":41,"column":null}},"11":{"start":{"line":42,"column":2},"end":{"line":48,"column":null}},"12":{"start":{"line":43,"column":3},"end":{"line":47,"column":null}},"13":{"start":{"line":50,"column":21},"end":{"line":50,"column":null}},"14":{"start":{"line":54,"column":27},"end":{"line":54,"column":null}},"15":{"start":{"line":55,"column":19},"end":{"line":55,"column":null}},"16":{"start":{"line":57,"column":20},"end":{"line":82,"column":null}},"17":{"start":{"line":83,"column":34},"end":{"line":91,"column":null}},"18":{"start":{"line":93,"column":2},"end":{"line":105,"column":null}},"19":{"start":{"line":94,"column":3},"end":{"line":98,"column":null}},"20":{"start":{"line":100,"column":3},"end":{"line":104,"column":null}},"21":{"start":{"line":108,"column":1},"end":{"line":112,"column":null}}},"fnMap":{"0":{"name":"contactFormAction","decl":{"start":{"line":18,"column":22},"end":{"line":18,"column":null}},"loc":{"start":{"line":21,"column":34},"end":{"line":113,"column":null}}}},"branchMap":{"0":{"loc":{"start":{"line":21,"column":1},"end":{"line":21,"column":34}},"type":"default-arg","locations":[{"start":{"line":21,"column":16},"end":{"line":21,"column":34}}]},"1":{"loc":{"start":{"line":27,"column":1},"end":{"line":106,"column":null}},"type":"if","locations":[{"start":{"line":27,"column":1},"end":{"line":106,"column":null}}]},"2":{"loc":{"start":{"line":30,"column":3},"end":{"line":30,"column":null}},"type":"binary-expr","locations":[{"start":{"line":30,"column":3},"end":{"line":30,"column":41}},{"start":{"line":30,"column":41},"end":{"line":30,"column":null}}]},"3":{"loc":{"start":{"line":33,"column":2},"end":{"line":39,"column":null}},"type":"if","locations":[{"start":{"line":33,"column":2},"end":{"line":39,"column":null}}]},"4":{"loc":{"start":{"line":42,"column":2},"end":{"line":48,"column":null}},"type":"if","locations":[{"start":{"line":42,"column":2},"end":{"line":48,"column":null}}]},"5":{"loc":{"start":{"line":42,"column":6},"end":{"line":42,"column":59}},"type":"binary-expr","locations":[{"start":{"line":42,"column":6},"end":{"line":42,"column":28}},{"start":{"line":42,"column":32},"end":{"line":42,"column":59}}]},"6":{"loc":{"start":{"line":50,"column":21},"end":{"line":50,"column":null}},"type":"binary-expr","locations":[{"start":{"line":50,"column":21},"end":{"line":50,"column":44}},{"start":{"line":50,"column":48},"end":{"line":50,"column":null}}]},"7":{"loc":{"start":{"line":59,"column":7},"end":{"line":59,"column":56}},"type":"binary-expr","locations":[{"start":{"line":59,"column":7},"end":{"line":59,"column":54}},{"start":{"line":59,"column":54},"end":{"line":59,"column":56}}]},"8":{"loc":{"start":{"line":63,"column":16},"end":{"line":63,"column":null}},"type":"binary-expr","locations":[{"start":{"line":63,"column":16},"end":{"line":63,"column":54}},{"start":{"line":63,"column":54},"end":{"line":63,"column":null}}]},"9":{"loc":{"start":{"line":64,"column":20},"end":{"line":64,"column":null}},"type":"binary-expr","locations":[{"start":{"line":64,"column":20},"end":{"line":64,"column":58}},{"start":{"line":64,"column":58},"end":{"line":64,"column":null}}]},"10":{"loc":{"start":{"line":65,"column":15},"end":{"line":65,"column":null}},"type":"binary-expr","locations":[{"start":{"line":65,"column":15},"end":{"line":65,"column":50}},{"start":{"line":65,"column":50},"end":{"line":65,"column":null}}]},"11":{"loc":{"start":{"line":66,"column":10},"end":{"line":66,"column":null}},"type":"binary-expr","locations":[{"start":{"line":66,"column":10},"end":{"line":66,"column":42}},{"start":{"line":66,"column":42},"end":{"line":66,"column":null}}]},"12":{"loc":{"start":{"line":67,"column":11},"end":{"line":67,"column":null}},"type":"binary-expr","locations":[{"start":{"line":67,"column":11},"end":{"line":67,"column":44}},{"start":{"line":67,"column":44},"end":{"line":67,"column":null}}]},"13":{"loc":{"start":{"line":68,"column":13},"end":{"line":68,"column":null}},"type":"binary-expr","locations":[{"start":{"line":68,"column":13},"end":{"line":68,"column":48}},{"start":{"line":68,"column":48},"end":{"line":68,"column":null}}]},"14":{"loc":{"start":{"line":70,"column":5},"end":{"line":72,"column":null}},"type":"cond-expr","locations":[{"start":{"line":71,"column":8},"end":{"line":71,"column":null}},{"start":{"line":72,"column":8},"end":{"line":72,"column":null}}]},"15":{"loc":{"start":{"line":73,"column":13},"end":{"line":73,"column":null}},"type":"binary-expr","locations":[{"start":{"line":73,"column":13},"end":{"line":73,"column":48}},{"start":{"line":73,"column":48},"end":{"line":73,"column":null}}]},"16":{"loc":{"start":{"line":74,"column":11},"end":{"line":74,"column":null}},"type":"binary-expr","locations":[{"start":{"line":74,"column":11},"end":{"line":74,"column":44}},{"start":{"line":74,"column":44},"end":{"line":74,"column":null}}]},"17":{"loc":{"start":{"line":76,"column":5},"end":{"line":77,"column":null}},"type":"binary-expr","locations":[{"start":{"line":76,"column":5},"end":{"line":76,"column":null}},{"start":{"line":77,"column":5},"end":{"line":77,"column":null}}]},"18":{"loc":{"start":{"line":79,"column":5},"end":{"line":80,"column":null}},"type":"binary-expr","locations":[{"start":{"line":79,"column":5},"end":{"line":79,"column":null}},{"start":{"line":80,"column":5},"end":{"line":80,"column":null}}]},"19":{"loc":{"start":{"line":85,"column":8},"end":{"line":85,"column":44}},"type":"binary-expr","locations":[{"start":{"line":85,"column":8},"end":{"line":85,"column":41}},{"start":{"line":85,"column":41},"end":{"line":85,"column":44}}]},"20":{"loc":{"start":{"line":87,"column":13},"end":{"line":87,"column":null}},"type":"cond-expr","locations":[{"start":{"line":87,"column":43},"end":{"line":87,"column":53}},{"start":{"line":87,"column":53},"end":{"line":87,"column":null}}]},"21":{"loc":{"start":{"line":89,"column":16},"end":{"line":89,"column":null}},"type":"binary-expr","locations":[{"start":{"line":89,"column":16},"end":{"line":89,"column":51}},{"start":{"line":89,"column":51},"end":{"line":89,"column":null}}]},"22":{"loc":{"start":{"line":93,"column":2},"end":{"line":105,"column":null}},"type":"if","locations":[{"start":{"line":93,"column":2},"end":{"line":105,"column":null}},{"start":{"line":99,"column":9},"end":{"line":105,"column":null}}]},"23":{"loc":{"start":{"line":93,"column":6},"end":{"line":93,"column":58}},"type":"binary-expr","locations":[{"start":{"line":93,"column":6},"end":{"line":93,"column":23}},{"start":{"line":93,"column":27},"end":{"line":93,"column":58}}]},"24":{"loc":{"start":{"line":103,"column":13},"end":{"line":103,"column":null}},"type":"binary-expr","locations":[{"start":{"line":103,"column":13},"end":{"line":103,"column":35}},{"start":{"line":103,"column":39},"end":{"line":103,"column":null}}]}},"s":{"0":0,"1":0,"2":0,"3":0,"4":0,"5":0,"6":0,"7":0,"8":0,"9":0,"10":0,"11":0,"12":0,"13":0,"14":0,"15":0,"16":0,"17":0,"18":0,"19":0,"20":0,"21":0},"f":{"0":0},"b":{"0":[0],"1":[0],"2":[0,0],"3":[0],"4":[0],"5":[0,0],"6":[0,0],"7":[0,0],"8":[0,0],"9":[0,0],"10":[0,0],"11":[0,0],"12":[0,0],"13":[0,0],"14":[0,0],"15":[0,0],"16":[0,0],"17":[0,0],"18":[0,0],"19":[0,0],"20":[0,0],"21":[0,0],"22":[0,0],"23":[0,0],"24":[0,0]}}
,"/Users/martin/personal-projects/storyblok/test-storyblock/src/app/api/draft/route.ts": {"path":"/Users/martin/personal-projects/storyblok/test-storyblock/src/app/api/draft/route.ts","statementMap":{"0":{"start":{"line":6,"column":13},"end":{"line":6,"column":19}},"1":{"start":{"line":1,"column":26},"end":{"line":1,"column":null}},"2":{"start":{"line":3,"column":21},"end":{"line":3,"column":null}},"3":{"start":{"line":4,"column":25},"end":{"line":4,"column":null}},"4":{"start":{"line":6,"column":19},"end":{"line":55,"column":null}},"5":{"start":{"line":7,"column":26},"end":{"line":7,"column":null}},"6":{"start":{"line":9,"column":12},"end":{"line":9,"column":null}},"7":{"start":{"line":10,"column":1},"end":{"line":10,"column":null}},"8":{"start":{"line":11,"column":16},"end":{"line":11,"column":64}},"9":{"start":{"line":14,"column":1},"end":{"line":14,"column":46}},"10":{"start":{"line":15,"column":1},"end":{"line":15,"column":null}},"11":{"start":{"line":18,"column":19},"end":{"line":18,"column":null}},"12":{"start":{"line":18,"column":52},"end":{"line":18,"column":null}},"13":{"start":{"line":21,"column":23},"end":{"line":21,"column":null}},"14":{"start":{"line":22,"column":21},"end":{"line":22,"column":null}},"15":{"start":{"line":24,"column":23},"end":{"line":28,"column":null}},"16":{"start":{"line":27,"column":2},"end":{"line":27,"column":null}},"17":{"start":{"line":30,"column":1},"end":{"line":33,"column":null}},"18":{"start":{"line":31,"column":2},"end":{"line":31,"column":null}},"19":{"start":{"line":32,"column":2},"end":{"line":32,"column":38}},"20":{"start":{"line":36,"column":1},"end":{"line":37,"column":null}},"21":{"start":{"line":37,"column":12},"end":{"line":37,"column":null}},"22":{"start":{"line":41,"column":1},"end":{"line":41,"column":null}},"23":{"start":{"line":44,"column":15},"end":{"line":44,"column":null}},"24":{"start":{"line":45,"column":1},"end":{"line":45,"column":null}},"25":{"start":{"line":47,"column":25},"end":{"line":47,"column":null}},"26":{"start":{"line":49,"column":16},"end":{"line":49,"column":26}},"27":{"start":{"line":50,"column":1},"end":{"line":52,"column":null}},"28":{"start":{"line":51,"column":2},"end":{"line":51,"column":null}},"29":{"start":{"line":54,"column":1},"end":{"line":54,"column":null}}},"fnMap":{"0":{"name":"(anonymous_1)","decl":{"start":{"line":6,"column":19},"end":{"line":6,"column":26}},"loc":{"start":{"line":6,"column":26},"end":{"line":55,"column":null}}},"1":{"name":"(anonymous_2)","decl":{"start":{"line":18,"column":42},"end":{"line":18,"column":43}},"loc":{"start":{"line":18,"column":52},"end":{"line":18,"column":null}}},"2":{"name":"(anonymous_3)","decl":{"start":{"line":24,"column":23},"end":{"line":24,"column":null}},"loc":{"start":{"line":25,"column":2},"end":{"line":28,"column":null}}},"3":{"name":"(anonymous_4)","decl":{"start":{"line":37,"column":2},"end":{"line":37,"column":3}},"loc":{"start":{"line":37,"column":12},"end":{"line":37,"column":null}}}},"branchMap":{"0":{"loc":{"start":{"line":9,"column":12},"end":{"line":9,"column":null}},"type":"binary-expr","locations":[{"start":{"line":9,"column":12},"end":{"line":9,"column":40}},{"start":{"line":9,"column":40},"end":{"line":9,"column":null}}]},"1":{"loc":{"start":{"line":11,"column":16},"end":{"line":11,"column":64}},"type":"binary-expr","locations":[{"start":{"line":11,"column":16},"end":{"line":11,"column":46}},{"start":{"line":11,"column":46},"end":{"line":11,"column":64}}]},"2":{"loc":{"start":{"line":15,"column":8},"end":{"line":15,"column":null}},"type":"cond-expr","locations":[{"start":{"line":15,"column":31},"end":{"line":15,"column":47}},{"start":{"line":15,"column":47},"end":{"line":15,"column":null}}]},"3":{"loc":{"start":{"line":30,"column":1},"end":{"line":33,"column":null}},"type":"if","locations":[{"start":{"line":30,"column":1},"end":{"line":33,"column":null}}]},"4":{"loc":{"start":{"line":30,"column":5},"end":{"line":30,"column":58}},"type":"binary-expr","locations":[{"start":{"line":30,"column":5},"end":{"line":30,"column":29}},{"start":{"line":30,"column":29},"end":{"line":30,"column":58}}]},"5":{"loc":{"start":{"line":50,"column":1},"end":{"line":52,"column":null}},"type":"if","locations":[{"start":{"line":50,"column":1},"end":{"line":52,"column":null}}]}},"s":{"0":10,"1":1,"2":1,"3":1,"4":1,"5":10,"6":10,"7":10,"8":10,"9":10,"10":10,"11":10,"12":27,"13":10,"14":10,"15":10,"16":9,"17":10,"18":6,"19":6,"20":10,"21":20,"22":10,"23":10,"24":10,"25":10,"26":10,"27":10,"28":10,"29":10},"f":{"0":10,"1":27,"2":9,"3":20},"b":{"0":[10,0],"1":[10,8],"2":[1,9],"3":[6],"4":[10,9],"5":[10]}}
,"/Users/martin/personal-projects/storyblok/test-storyblock/src/app/api/revalidate/route.ts": {"path":"/Users/martin/personal-projects/storyblok/test-storyblock/src/app/api/revalidate/route.ts","statementMap":{"0":{"start":{"line":5,"column":22},"end":{"line":5,"column":27}},"1":{"start":{"line":2,"column":42},"end":{"line":2,"column":null}},"2":{"start":{"line":3,"column":47},"end":{"line":3,"column":null}},"3":{"start":{"line":6,"column":1},"end":{"line":57,"column":null}},"4":{"start":{"line":7,"column":15},"end":{"line":7,"column":null}},"5":{"start":{"line":8,"column":39},"end":{"line":8,"column":null}},"6":{"start":{"line":10,"column":2},"end":{"line":15,"column":null}},"7":{"start":{"line":11,"column":3},"end":{"line":13,"column":null}},"8":{"start":{"line":18,"column":20},"end":{"line":18,"column":null}},"9":{"start":{"line":19,"column":25},"end":{"line":22,"column":null}},"10":{"start":{"line":21,"column":18},"end":{"line":21,"column":null}},"11":{"start":{"line":23,"column":28},"end":{"line":26,"column":null}},"12":{"start":{"line":28,"column":2},"end":{"line":31,"column":null}},"13":{"start":{"line":29,"column":3},"end":{"line":29,"column":null}},"14":{"start":{"line":30,"column":3},"end":{"line":30,"column":null}},"15":{"start":{"line":34,"column":28},"end":{"line":34,"column":null}},"16":{"start":{"line":36,"column":27},"end":{"line":39,"column":null}},"17":{"start":{"line":40,"column":2},"end":{"line":43,"column":null}},"18":{"start":{"line":41,"column":3},"end":{"line":41,"column":null}},"19":{"start":{"line":42,"column":3},"end":{"line":42,"column":null}},"20":{"start":{"line":45,"column":2},"end":{"line":50,"column":null}},"21":{"start":{"line":52,"column":2},"end":{"line":52,"column":null}},"22":{"start":{"line":53,"column":2},"end":{"line":55,"column":null}}},"fnMap":{"0":{"name":"POST","decl":{"start":{"line":5,"column":22},"end":{"line":5,"column":27}},"loc":{"start":{"line":5,"column":43},"end":{"line":58,"column":null}}},"1":{"name":"(anonymous_2)","decl":{"start":{"line":21,"column":8},"end":{"line":21,"column":9}},"loc":{"start":{"line":21,"column":18},"end":{"line":21,"column":null}}}},"branchMap":{"0":{"loc":{"start":{"line":10,"column":2},"end":{"line":15,"column":null}},"type":"if","locations":[{"start":{"line":10,"column":2},"end":{"line":15,"column":null}}]}},"s":{"0":0,"1":0,"2":0,"3":0,"4":0,"5":0,"6":0,"7":0,"8":0,"9":0,"10":0,"11":0,"12":0,"13":0,"14":0,"15":0,"16":0,"17":0,"18":0,"19":0,"20":0,"21":0,"22":0},"f":{"0":0,"1":0},"b":{"0":[0]}}
,"/Users/martin/personal-projects/storyblok/test-storyblock/src/components/storyblokProvider.tsx": {"path":"/Users/martin/personal-projects/storyblok/test-storyblock/src/components/storyblokProvider.tsx","statementMap":{"0":{"start":{"line":5,"column":13},"end":{"line":5,"column":33}},"1":{"start":{"line":3,"column":32},"end":{"line":3,"column":null}},"2":{"start":{"line":5,"column":33},"end":{"line":9,"column":null}},"3":{"start":{"line":6,"column":1},"end":{"line":6,"column":null}}},"fnMap":{"0":{"name":"(anonymous_1)","decl":{"start":{"line":5,"column":33},"end":{"line":5,"column":34}},"loc":{"start":{"line":5,"column":65},"end":{"line":9,"column":null}}}},"branchMap":{},"s":{"0":0,"1":0,"2":0,"3":0},"f":{"0":0},"b":{}}
,"/Users/martin/personal-projects/storyblok/test-storyblock/src/components/theme-provider.tsx": {"path":"/Users/martin/personal-projects/storyblok/test-storyblock/src/components/theme-provider.tsx","statementMap":{"0":{"start":{"line":12,"column":16},"end":{"line":12,"column":30}},"1":{"start":{"line":6,"column":7},"end":{"line":6,"column":null}},"2":{"start":{"line":7,"column":36},"end":{"line":7,"column":null}},"3":{"start":{"line":16,"column":31},"end":{"line":16,"column":null}},"4":{"start":{"line":18,"column":1},"end":{"line":20,"column":null}},"5":{"start":{"line":19,"column":2},"end":{"line":19,"column":null}},"6":{"start":{"line":22,"column":1},"end":{"line":24,"column":null}},"7":{"start":{"line":23,"column":2},"end":{"line":23,"column":90}}},"fnMap":{"0":{"name":"ThemeProvider","decl":{"start":{"line":12,"column":16},"end":{"line":12,"column":30}},"loc":{"start":{"line":15,"column":37},"end":{"line":36,"column":null}}},"1":{"name":"(anonymous_2)","decl":{"start":{"line":18,"column":11},"end":{"line":18,"column":null}},"loc":{"start":{"line":18,"column":11},"end":{"line":20,"column":4}}}},"branchMap":{"0":{"loc":{"start":{"line":22,"column":1},"end":{"line":24,"column":null}},"type":"if","locations":[{"start":{"line":22,"column":1},"end":{"line":24,"column":null}}]}},"s":{"0":0,"1":0,"2":0,"3":0,"4":0,"5":0,"6":0,"7":0},"f":{"0":0,"1":0},"b":{"0":[0]}}
,"/Users/martin/personal-projects/storyblok/test-storyblock/src/components/section/Footer.tsx": {"path":"/Users/martin/personal-projects/storyblok/test-storyblock/src/components/section/Footer.tsx","statementMap":{"0":{"start":{"line":113,"column":0},"end":{"line":113,"column":15}},"1":{"start":{"line":1,"column":41},"end":{"line":1,"column":null}},"2":{"start":{"line":4,"column":15},"end":{"line":111,"column":null}},"3":{"start":{"line":5,"column":1},"end":{"line":7,"column":null}},"4":{"start":{"line":6,"column":2},"end":{"line":6,"column":15}},"5":{"start":{"line":103,"column":8},"end":{"line":103,"column":null}},"6":{"start":{"line":113,"column":15},"end":{"line":113,"column":null}}},"fnMap":{"0":{"name":"(anonymous_1)","decl":{"start":{"line":4,"column":15},"end":{"line":4,"column":22}},"loc":{"start":{"line":4,"column":55},"end":{"line":111,"column":null}}},"1":{"name":"(anonymous_2)","decl":{"start":{"line":102,"column":17},"end":{"line":102,"column":18}},"loc":{"start":{"line":103,"column":8},"end":{"line":103,"column":null}}}},"branchMap":{"0":{"loc":{"start":{"line":5,"column":1},"end":{"line":7,"column":null}},"type":"if","locations":[{"start":{"line":5,"column":1},"end":{"line":7,"column":null}}]}},"s":{"0":0,"1":0,"2":0,"3":0,"4":0,"5":0,"6":0},"f":{"0":0,"1":0},"b":{"0":[0]}}
,"/Users/martin/personal-projects/storyblok/test-storyblock/src/components/section/Header.tsx": {"path":"/Users/martin/personal-projects/storyblok/test-storyblock/src/components/section/Header.tsx","statementMap":{"0":{"start":{"line":73,"column":0},"end":{"line":73,"column":15}},"1":{"start":{"line":1,"column":41},"end":{"line":1,"column":null}},"2":{"start":{"line":5,"column":29},"end":{"line":5,"column":null}},"3":{"start":{"line":7,"column":15},"end":{"line":71,"column":null}},"4":{"start":{"line":73,"column":15},"end":{"line":73,"column":null}}},"fnMap":{"0":{"name":"(anonymous_2)","decl":{"start":{"line":7,"column":15},"end":{"line":7,"column":16}},"loc":{"start":{"line":7,"column":57},"end":{"line":71,"column":null}}}},"branchMap":{"0":{"loc":{"start":{"line":24,"column":7},"end":{"line":24,"column":23}},"type":"binary-expr","locations":[{"start":{"line":24,"column":7},"end":{"line":24,"column":23}}]},"1":{"loc":{"start":{"line":61,"column":5},"end":{"line":61,"column":21}},"type":"binary-expr","locations":[{"start":{"line":61,"column":5},"end":{"line":61,"column":21}}]}},"s":{"0":0,"1":0,"2":0,"3":0,"4":0},"f":{"0":0},"b":{"0":[0],"1":[0]}}
,"/Users/martin/personal-projects/storyblok/test-storyblock/src/components/storyblok/blog.tsx": {"path":"/Users/martin/personal-projects/storyblok/test-storyblock/src/components/storyblok/blog.tsx","statementMap":{"0":{"start":{"line":23,"column":0},"end":{"line":23,"column":15}},"1":{"start":{"line":5,"column":7},"end":{"line":5,"column":null}},"2":{"start":{"line":6,"column":18},"end":{"line":6,"column":null}},"3":{"start":{"line":9,"column":13},"end":{"line":21,"column":null}},"4":{"start":{"line":23,"column":15},"end":{"line":23,"column":null}}},"fnMap":{"0":{"name":"(anonymous_2)","decl":{"start":{"line":9,"column":13},"end":{"line":9,"column":14}},"loc":{"start":{"line":9,"column":47},"end":{"line":21,"column":null}}}},"branchMap":{"0":{"loc":{"start":{"line":17,"column":11},"end":{"line":17,"column":null}},"type":"binary-expr","locations":[{"start":{"line":17,"column":11},"end":{"line":17,"column":48}},{"start":{"line":17,"column":48},"end":{"line":17,"column":null}}]}},"s":{"0":0,"1":0,"2":0,"3":0,"4":0},"f":{"0":0},"b":{"0":[0,0]}}
,"/Users/martin/personal-projects/storyblok/test-storyblock/src/components/storyblok/global.tsx": {"path":"/Users/martin/personal-projects/storyblok/test-storyblock/src/components/storyblok/global.tsx","statementMap":{"0":{"start":{"line":16,"column":0},"end":{"line":16,"column":15}},"1":{"start":{"line":1,"column":51},"end":{"line":1,"column":null}},"2":{"start":{"line":4,"column":15},"end":{"line":14,"column":null}},"3":{"start":{"line":16,"column":15},"end":{"line":16,"column":null}}},"fnMap":{"0":{"name":"(anonymous_1)","decl":{"start":{"line":4,"column":15},"end":{"line":4,"column":16}},"loc":{"start":{"line":4,"column":51},"end":{"line":14,"column":null}}}},"branchMap":{},"s":{"0":0,"1":0,"2":0,"3":0},"f":{"0":0},"b":{}}
,"/Users/martin/personal-projects/storyblok/test-storyblock/src/components/storyblok/hero.tsx": {"path":"/Users/martin/personal-projects/storyblok/test-storyblock/src/components/storyblok/hero.tsx","statementMap":{"0":{"start":{"line":23,"column":0},"end":{"line":23,"column":15}},"1":{"start":{"line":5,"column":7},"end":{"line":5,"column":null}},"2":{"start":{"line":6,"column":18},"end":{"line":6,"column":null}},"3":{"start":{"line":9,"column":13},"end":{"line":21,"column":null}},"4":{"start":{"line":23,"column":15},"end":{"line":23,"column":null}}},"fnMap":{"0":{"name":"(anonymous_2)","decl":{"start":{"line":9,"column":13},"end":{"line":9,"column":14}},"loc":{"start":{"line":9,"column":47},"end":{"line":21,"column":null}}}},"branchMap":{"0":{"loc":{"start":{"line":17,"column":11},"end":{"line":17,"column":null}},"type":"binary-expr","locations":[{"start":{"line":17,"column":11},"end":{"line":17,"column":48}},{"start":{"line":17,"column":48},"end":{"line":17,"column":null}}]}},"s":{"0":0,"1":0,"2":0,"3":0,"4":0},"f":{"0":0},"b":{"0":[0,0]}}
,"/Users/martin/personal-projects/storyblok/test-storyblock/src/components/storyblok/links.tsx": {"path":"/Users/martin/personal-projects/storyblok/test-storyblock/src/components/storyblok/links.tsx","statementMap":{"0":{"start":{"line":18,"column":0},"end":{"line":18,"column":15}},"1":{"start":{"line":1,"column":51},"end":{"line":1,"column":null}},"2":{"start":{"line":3,"column":21},"end":{"line":3,"column":null}},"3":{"start":{"line":5,"column":14},"end":{"line":16,"column":null}},"4":{"start":{"line":18,"column":15},"end":{"line":18,"column":null}}},"fnMap":{"0":{"name":"(anonymous_1)","decl":{"start":{"line":5,"column":14},"end":{"line":5,"column":15}},"loc":{"start":{"line":5,"column":49},"end":{"line":16,"column":null}}}},"branchMap":{"0":{"loc":{"start":{"line":10,"column":9},"end":{"line":10,"column":null}},"type":"binary-expr","locations":[{"start":{"line":10,"column":9},"end":{"line":10,"column":28}},{"start":{"line":10,"column":28},"end":{"line":10,"column":null}}]},"1":{"loc":{"start":{"line":11,"column":11},"end":{"line":11,"column":null}},"type":"binary-expr","locations":[{"start":{"line":11,"column":11},"end":{"line":11,"column":33}},{"start":{"line":11,"column":33},"end":{"line":11,"column":null}}]}},"s":{"0":0,"1":0,"2":0,"3":0,"4":0},"f":{"0":0},"b":{"0":[0,0],"1":[0,0]}}
,"/Users/martin/personal-projects/storyblok/test-storyblock/src/components/storyblok/menu.tsx": {"path":"/Users/martin/personal-projects/storyblok/test-storyblock/src/components/storyblok/menu.tsx","statementMap":{"0":{"start":{"line":18,"column":0},"end":{"line":18,"column":15}},"1":{"start":{"line":5,"column":7},"end":{"line":5,"column":null}},"2":{"start":{"line":8,"column":15},"end":{"line":16,"column":null}},"3":{"start":{"line":12,"column":4},"end":{"line":12,"column":null}},"4":{"start":{"line":18,"column":15},"end":{"line":18,"column":null}}},"fnMap":{"0":{"name":"(anonymous_1)","decl":{"start":{"line":8,"column":15},"end":{"line":8,"column":16}},"loc":{"start":{"line":8,"column":40},"end":{"line":16,"column":null}}},"1":{"name":"(anonymous_2)","decl":{"start":{"line":11,"column":21},"end":{"line":11,"column":22}},"loc":{"start":{"line":12,"column":4},"end":{"line":12,"column":null}}}},"branchMap":{},"s":{"0":0,"1":0,"2":0,"3":0,"4":0},"f":{"0":0,"1":0},"b":{}}
,"/Users/martin/personal-projects/storyblok/test-storyblock/src/components/storyblok/menu_item.tsx": {"path":"/Users/martin/personal-projects/storyblok/test-storyblock/src/components/storyblok/menu_item.tsx","statementMap":{"0":{"start":{"line":46,"column":0},"end":{"line":46,"column":15}},"1":{"start":{"line":1,"column":51},"end":{"line":1,"column":null}},"2":{"start":{"line":3,"column":21},"end":{"line":3,"column":null}},"3":{"start":{"line":5,"column":19},"end":{"line":44,"column":null}},"4":{"start":{"line":32,"column":5},"end":{"line":35,"column":null}},"5":{"start":{"line":46,"column":15},"end":{"line":46,"column":null}}},"fnMap":{"0":{"name":"(anonymous_1)","decl":{"start":{"line":5,"column":19},"end":{"line":5,"column":20}},"loc":{"start":{"line":5,"column":48},"end":{"line":44,"column":null}}},"1":{"name":"(anonymous_2)","decl":{"start":{"line":31,"column":25},"end":{"line":31,"column":26}},"loc":{"start":{"line":32,"column":5},"end":{"line":35,"column":null}}}},"branchMap":{"0":{"loc":{"start":{"line":13,"column":5},"end":{"line":22,"column":6}},"type":"cond-expr","locations":[{"start":{"line":13,"column":5},"end":{"line":22,"column":6}}]},"1":{"loc":{"start":{"line":16,"column":14},"end":{"line":16,"column":null}},"type":"binary-expr","locations":[{"start":{"line":16,"column":14},"end":{"line":16,"column":35}},{"start":{"line":16,"column":35},"end":{"line":16,"column":null}}]},"2":{"loc":{"start":{"line":33,"column":12},"end":{"line":33,"column":null}},"type":"binary-expr","locations":[{"start":{"line":33,"column":12},"end":{"line":33,"column":33}},{"start":{"line":33,"column":33},"end":{"line":33,"column":null}}]},"3":{"loc":{"start":{"line":34,"column":14},"end":{"line":34,"column":null}},"type":"binary-expr","locations":[{"start":{"line":34,"column":14},"end":{"line":34,"column":38}},{"start":{"line":34,"column":38},"end":{"line":34,"column":null}}]}},"s":{"0":0,"1":0,"2":0,"3":0,"4":0,"5":0},"f":{"0":0,"1":0},"b":{"0":[0],"1":[0,0],"2":[0,0],"3":[0,0]}}
,"/Users/martin/personal-projects/storyblok/test-storyblock/src/components/storyblok/pageContent.tsx": {"path":"/Users/martin/personal-projects/storyblok/test-storyblock/src/components/storyblok/pageContent.tsx","statementMap":{"0":{"start":{"line":18,"column":0},"end":{"line":18,"column":15}},"1":{"start":{"line":5,"column":7},"end":{"line":5,"column":null}},"2":{"start":{"line":8,"column":20},"end":{"line":16,"column":null}},"3":{"start":{"line":12,"column":4},"end":{"line":12,"column":null}},"4":{"start":{"line":18,"column":15},"end":{"line":18,"column":null}}},"fnMap":{"0":{"name":"(anonymous_1)","decl":{"start":{"line":8,"column":20},"end":{"line":8,"column":21}},"loc":{"start":{"line":8,"column":45},"end":{"line":16,"column":null}}},"1":{"name":"(anonymous_2)","decl":{"start":{"line":11,"column":20},"end":{"line":11,"column":21}},"loc":{"start":{"line":12,"column":4},"end":{"line":12,"column":null}}}},"branchMap":{},"s":{"0":0,"1":0,"2":0,"3":0,"4":0},"f":{"0":0,"1":0},"b":{}}
,"/Users/martin/personal-projects/storyblok/test-storyblock/src/components/storyblok/section.tsx": {"path":"/Users/martin/personal-projects/storyblok/test-storyblock/src/components/storyblok/section.tsx","statementMap":{"0":{"start":{"line":36,"column":0},"end":{"line":36,"column":15}},"1":{"start":{"line":5,"column":7},"end":{"line":5,"column":null}},"2":{"start":{"line":6,"column":18},"end":{"line":6,"column":null}},"3":{"start":{"line":9,"column":16},"end":{"line":34,"column":null}},"4":{"start":{"line":36,"column":15},"end":{"line":36,"column":null}}},"fnMap":{"0":{"name":"(anonymous_2)","decl":{"start":{"line":9,"column":16},"end":{"line":9,"column":17}},"loc":{"start":{"line":9,"column":53},"end":{"line":34,"column":null}}}},"branchMap":{"0":{"loc":{"start":{"line":18,"column":12},"end":{"line":18,"column":null}},"type":"binary-expr","locations":[{"start":{"line":18,"column":12},"end":{"line":18,"column":49}},{"start":{"line":18,"column":49},"end":{"line":18,"column":null}}]},"1":{"loc":{"start":{"line":20,"column":5},"end":{"line":20,"column":null}},"type":"binary-expr","locations":[{"start":{"line":20,"column":5},"end":{"line":20,"column":null}}]},"2":{"loc":{"start":{"line":25,"column":15},"end":{"line":25,"column":null}},"type":"binary-expr","locations":[{"start":{"line":25,"column":15},"end":{"line":25,"column":48}},{"start":{"line":25,"column":48},"end":{"line":25,"column":null}}]}},"s":{"0":0,"1":0,"2":0,"3":0,"4":0},"f":{"0":0},"b":{"0":[0,0],"1":[0],"2":[0,0]}}
,"/Users/martin/personal-projects/storyblok/test-storyblock/src/components/storyblok/footer/footerItem.tsx": {"path":"/Users/martin/personal-projects/storyblok/test-storyblock/src/components/storyblok/footer/footerItem.tsx","statementMap":{"0":{"start":{"line":21,"column":0},"end":{"line":21,"column":15}},"1":{"start":{"line":5,"column":7},"end":{"line":5,"column":null}},"2":{"start":{"line":8,"column":19},"end":{"line":19,"column":null}},"3":{"start":{"line":12,"column":4},"end":{"line":14,"column":null}},"4":{"start":{"line":21,"column":15},"end":{"line":21,"column":null}}},"fnMap":{"0":{"name":"(anonymous_1)","decl":{"start":{"line":8,"column":19},"end":{"line":8,"column":20}},"loc":{"start":{"line":8,"column":59},"end":{"line":19,"column":null}}},"1":{"name":"(anonymous_2)","decl":{"start":{"line":11,"column":21},"end":{"line":11,"column":22}},"loc":{"start":{"line":12,"column":4},"end":{"line":14,"column":null}}}},"branchMap":{"0":{"loc":{"start":{"line":14,"column":10},"end":{"line":14,"column":46}},"type":"binary-expr","locations":[{"start":{"line":14,"column":10},"end":{"line":14,"column":24}},{"start":{"line":14,"column":24},"end":{"line":14,"column":46}}]}},"s":{"0":0,"1":0,"2":0,"3":0,"4":0},"f":{"0":0,"1":0},"b":{"0":[0,0]}}
,"/Users/martin/personal-projects/storyblok/test-storyblock/src/components/svg/ArrowIcon.tsx": {"path":"/Users/martin/personal-projects/storyblok/test-storyblock/src/components/svg/ArrowIcon.tsx","statementMap":{"0":{"start":{"line":19,"column":0},"end":{"line":19,"column":15}},"1":{"start":{"line":19,"column":15},"end":{"line":19,"column":null}}},"fnMap":{},"branchMap":{"0":{"loc":{"start":{"line":13,"column":9},"end":{"line":13,"column":null}},"type":"binary-expr","locations":[{"start":{"line":13,"column":9},"end":{"line":13,"column":19}},{"start":{"line":13,"column":23},"end":{"line":13,"column":null}}]}},"s":{"0":0,"1":0},"f":{},"b":{"0":[0,0]}}
,"/Users/martin/personal-projects/storyblok/test-storyblock/src/components/svg/CloseIcon.tsx": {"path":"/Users/martin/personal-projects/storyblok/test-storyblock/src/components/svg/CloseIcon.tsx","statementMap":{"0":{"start":{"line":21,"column":0},"end":{"line":21,"column":15}},"1":{"start":{"line":21,"column":15},"end":{"line":21,"column":null}}},"fnMap":{},"branchMap":{"0":{"loc":{"start":{"line":13,"column":9},"end":{"line":13,"column":null}},"type":"binary-expr","locations":[{"start":{"line":13,"column":9},"end":{"line":13,"column":19}},{"start":{"line":13,"column":23},"end":{"line":13,"column":null}}]}},"s":{"0":0,"1":0},"f":{},"b":{"0":[0,0]}}
,"/Users/martin/personal-projects/storyblok/test-storyblock/src/components/svg/CrossIcon.tsx": {"path":"/Users/martin/personal-projects/storyblok/test-storyblock/src/components/svg/CrossIcon.tsx","statementMap":{"0":{"start":{"line":27,"column":0},"end":{"line":27,"column":15}},"1":{"start":{"line":1,"column":25},"end":{"line":1,"column":null}},"2":{"start":{"line":4,"column":59},"end":{"line":26,"column":null}},"3":{"start":{"line":5,"column":19},"end":{"line":5,"column":null}},"4":{"start":{"line":27,"column":15},"end":{"line":27,"column":null}}},"fnMap":{"0":{"name":"(anonymous_1)","decl":{"start":{"line":4,"column":59},"end":{"line":4,"column":60}},"loc":{"start":{"line":4,"column":60},"end":{"line":26,"column":null}}}},"branchMap":{"0":{"loc":{"start":{"line":10,"column":10},"end":{"line":10,"column":null}},"type":"binary-expr","locations":[{"start":{"line":10,"column":10},"end":{"line":10,"column":26}},{"start":{"line":10,"column":26},"end":{"line":10,"column":null}}]},"1":{"loc":{"start":{"line":11,"column":11},"end":{"line":11,"column":null}},"type":"binary-expr","locations":[{"start":{"line":11,"column":11},"end":{"line":11,"column":28}},{"start":{"line":11,"column":28},"end":{"line":11,"column":null}}]},"2":{"loc":{"start":{"line":21,"column":11},"end":{"line":21,"column":null}},"type":"cond-expr","locations":[{"start":{"line":21,"column":30},"end":{"line":21,"column":40}},{"start":{"line":21,"column":40},"end":{"line":21,"column":null}}]}},"s":{"0":0,"1":0,"2":0,"3":0,"4":0},"f":{"0":0},"b":{"0":[0,0],"1":[0,0],"2":[0,0]}}
,"/Users/martin/personal-projects/storyblok/test-storyblock/src/components/svg/MenuIcon.tsx": {"path":"/Users/martin/personal-projects/storyblok/test-storyblock/src/components/svg/MenuIcon.tsx","statementMap":{"0":{"start":{"line":21,"column":0},"end":{"line":21,"column":15}},"1":{"start":{"line":21,"column":15},"end":{"line":21,"column":null}}},"fnMap":{},"branchMap":{"0":{"loc":{"start":{"line":13,"column":9},"end":{"line":13,"column":null}},"type":"binary-expr","locations":[{"start":{"line":13,"column":9},"end":{"line":13,"column":19}},{"start":{"line":13,"column":23},"end":{"line":13,"column":null}}]}},"s":{"0":0,"1":0},"f":{},"b":{"0":[0,0]}}
,"/Users/martin/personal-projects/storyblok/test-storyblock/src/components/svg/MinusIcon.tsx": {"path":"/Users/martin/personal-projects/storyblok/test-storyblock/src/components/svg/MinusIcon.tsx","statementMap":{"0":{"start":{"line":25,"column":0},"end":{"line":25,"column":15}},"1":{"start":{"line":1,"column":25},"end":{"line":1,"column":null}},"2":{"start":{"line":4,"column":59},"end":{"line":24,"column":null}},"3":{"start":{"line":5,"column":19},"end":{"line":5,"column":null}},"4":{"start":{"line":25,"column":15},"end":{"line":25,"column":null}}},"fnMap":{"0":{"name":"(anonymous_1)","decl":{"start":{"line":4,"column":59},"end":{"line":4,"column":60}},"loc":{"start":{"line":4,"column":60},"end":{"line":24,"column":null}}}},"branchMap":{"0":{"loc":{"start":{"line":10,"column":10},"end":{"line":10,"column":null}},"type":"binary-expr","locations":[{"start":{"line":10,"column":10},"end":{"line":10,"column":26}},{"start":{"line":10,"column":26},"end":{"line":10,"column":null}}]},"1":{"loc":{"start":{"line":11,"column":11},"end":{"line":11,"column":null}},"type":"binary-expr","locations":[{"start":{"line":11,"column":11},"end":{"line":11,"column":28}},{"start":{"line":11,"column":28},"end":{"line":11,"column":null}}]},"2":{"loc":{"start":{"line":20,"column":10},"end":{"line":20,"column":null}},"type":"cond-expr","locations":[{"start":{"line":20,"column":29},"end":{"line":20,"column":39}},{"start":{"line":20,"column":39},"end":{"line":20,"column":null}}]}},"s":{"0":0,"1":0,"2":0,"3":0,"4":0},"f":{"0":0},"b":{"0":[0,0],"1":[0,0],"2":[0,0]}}
,"/Users/martin/personal-projects/storyblok/test-storyblock/src/components/svg/MoonIcon.tsx": {"path":"/Users/martin/personal-projects/storyblok/test-storyblock/src/components/svg/MoonIcon.tsx","statementMap":{"0":{"start":{"line":20,"column":0},"end":{"line":20,"column":15}},"1":{"start":{"line":20,"column":15},"end":{"line":20,"column":null}}},"fnMap":{},"branchMap":{"0":{"loc":{"start":{"line":13,"column":11},"end":{"line":13,"column":null}},"type":"binary-expr","locations":[{"start":{"line":13,"column":11},"end":{"line":13,"column":23}},{"start":{"line":13,"column":27},"end":{"line":13,"column":null}}]}},"s":{"0":0,"1":0},"f":{},"b":{"0":[0,0]}}
,"/Users/martin/personal-projects/storyblok/test-storyblock/src/components/svg/SearchIcon.tsx": {"path":"/Users/martin/personal-projects/storyblok/test-storyblock/src/components/svg/SearchIcon.tsx","statementMap":{"0":{"start":{"line":30,"column":0},"end":{"line":30,"column":15}},"1":{"start":{"line":1,"column":25},"end":{"line":1,"column":null}},"2":{"start":{"line":4,"column":60},"end":{"line":29,"column":null}},"3":{"start":{"line":5,"column":19},"end":{"line":5,"column":null}},"4":{"start":{"line":30,"column":15},"end":{"line":30,"column":null}}},"fnMap":{"0":{"name":"(anonymous_1)","decl":{"start":{"line":4,"column":60},"end":{"line":4,"column":61}},"loc":{"start":{"line":4,"column":61},"end":{"line":29,"column":null}}}},"branchMap":{"0":{"loc":{"start":{"line":10,"column":10},"end":{"line":10,"column":null}},"type":"binary-expr","locations":[{"start":{"line":10,"column":10},"end":{"line":10,"column":26}},{"start":{"line":10,"column":26},"end":{"line":10,"column":null}}]},"1":{"loc":{"start":{"line":11,"column":11},"end":{"line":11,"column":null}},"type":"binary-expr","locations":[{"start":{"line":11,"column":11},"end":{"line":11,"column":28}},{"start":{"line":11,"column":28},"end":{"line":11,"column":null}}]},"2":{"loc":{"start":{"line":19,"column":11},"end":{"line":19,"column":null}},"type":"cond-expr","locations":[{"start":{"line":19,"column":30},"end":{"line":19,"column":40}},{"start":{"line":19,"column":40},"end":{"line":19,"column":null}}]}},"s":{"0":0,"1":0,"2":0,"3":0,"4":0},"f":{"0":0},"b":{"0":[0,0],"1":[0,0],"2":[0,0]}}
,"/Users/martin/personal-projects/storyblok/test-storyblock/src/components/svg/SunIcon.tsx": {"path":"/Users/martin/personal-projects/storyblok/test-storyblock/src/components/svg/SunIcon.tsx","statementMap":{"0":{"start":{"line":21,"column":0},"end":{"line":21,"column":15}},"1":{"start":{"line":21,"column":15},"end":{"line":21,"column":null}}},"fnMap":{},"branchMap":{"0":{"loc":{"start":{"line":13,"column":9},"end":{"line":13,"column":null}},"type":"binary-expr","locations":[{"start":{"line":13,"column":9},"end":{"line":13,"column":19}},{"start":{"line":13,"column":23},"end":{"line":13,"column":null}}]}},"s":{"0":0,"1":0},"f":{},"b":{"0":[0,0]}}
,"/Users/martin/personal-projects/storyblok/test-storyblock/src/components/ui/Card.tsx": {"path":"/Users/martin/personal-projects/storyblok/test-storyblock/src/components/ui/Card.tsx","statementMap":{"0":{"start":{"line":12,"column":24},"end":{"line":12,"column":29}},"1":{"start":{"line":2,"column":18},"end":{"line":2,"column":null}}},"fnMap":{"0":{"name":"Card","decl":{"start":{"line":12,"column":24},"end":{"line":12,"column":29}},"loc":{"start":{"line":12,"column":62},"end":{"line":55,"column":null}}}},"branchMap":{"0":{"loc":{"start":{"line":18,"column":6},"end":{"line":18,"column":null}},"type":"binary-expr","locations":[{"start":{"line":18,"column":6},"end":{"line":18,"column":null}}]},"1":{"loc":{"start":{"line":23,"column":12},"end":{"line":23,"column":null}},"type":"binary-expr","locations":[{"start":{"line":23,"column":12},"end":{"line":23,"column":27}},{"start":{"line":23,"column":31},"end":{"line":23,"column":null}}]},"2":{"loc":{"start":{"line":41,"column":6},"end":{"line":41,"column":19}},"type":"binary-expr","locations":[{"start":{"line":41,"column":6},"end":{"line":41,"column":19}}]},"3":{"loc":{"start":{"line":44,"column":14},"end":{"line":44,"column":null}},"type":"binary-expr","locations":[{"start":{"line":44,"column":14},"end":{"line":44,"column":40}},{"start":{"line":44,"column":40},"end":{"line":44,"column":null}}]}},"s":{"0":0,"1":0},"f":{"0":0},"b":{"0":[0],"1":[0,0],"2":[0],"3":[0,0]}}
,"/Users/martin/personal-projects/storyblok/test-storyblock/src/components/ui/CommonPart.tsx": {"path":"/Users/martin/personal-projects/storyblok/test-storyblock/src/components/ui/CommonPart.tsx","statementMap":{"0":{"start":{"line":8,"column":24},"end":{"line":8,"column":35}}},"fnMap":{"0":{"name":"CommonPart","decl":{"start":{"line":8,"column":24},"end":{"line":8,"column":35}},"loc":{"start":{"line":8,"column":74},"end":{"line":21,"column":null}}}},"branchMap":{},"s":{"0":0},"f":{"0":0},"b":{}}
,"/Users/martin/personal-projects/storyblok/test-storyblock/src/components/ui/GetTouch.tsx": {"path":"/Users/martin/personal-projects/storyblok/test-storyblock/src/components/ui/GetTouch.tsx","statementMap":{"0":{"start":{"line":11,"column":24},"end":{"line":11,"column":33}},"1":{"start":{"line":2,"column":17},"end":{"line":2,"column":null}}},"fnMap":{"0":{"name":"GetTouch","decl":{"start":{"line":11,"column":24},"end":{"line":11,"column":33}},"loc":{"start":{"line":11,"column":70},"end":{"line":30,"column":null}}}},"branchMap":{"0":{"loc":{"start":{"line":22,"column":11},"end":{"line":22,"column":null}},"type":"binary-expr","locations":[{"start":{"line":22,"column":11},"end":{"line":22,"column":36}},{"start":{"line":22,"column":36},"end":{"line":22,"column":null}}]}},"s":{"0":0,"1":0},"f":{"0":0},"b":{"0":[0,0]}}
,"/Users/martin/personal-projects/storyblok/test-storyblock/src/components/ui/Grid.tsx": {"path":"/Users/martin/personal-projects/storyblok/test-storyblock/src/components/ui/Grid.tsx","statementMap":{"0":{"start":{"line":4,"column":24},"end":{"line":4,"column":29}},"1":{"start":{"line":1,"column":41},"end":{"line":1,"column":null}},"2":{"start":{"line":9,"column":5},"end":{"line":9,"column":null}}},"fnMap":{"0":{"name":"Grid","decl":{"start":{"line":4,"column":24},"end":{"line":4,"column":29}},"loc":{"start":{"line":4,"column":62},"end":{"line":14,"column":null}}},"1":{"name":"(anonymous_2)","decl":{"start":{"line":8,"column":23},"end":{"line":8,"column":24}},"loc":{"start":{"line":9,"column":5},"end":{"line":9,"column":null}}}},"branchMap":{},"s":{"0":0,"1":0,"2":0},"f":{"0":0,"1":0},"b":{}}
,"/Users/martin/personal-projects/storyblok/test-storyblock/src/components/ui/HeroBanner.tsx": {"path":"/Users/martin/personal-projects/storyblok/test-storyblock/src/components/ui/HeroBanner.tsx","statementMap":{"0":{"start":{"line":10,"column":24},"end":{"line":10,"column":35}},"1":{"start":{"line":2,"column":18},"end":{"line":2,"column":null}}},"fnMap":{"0":{"name":"HeroBanner","decl":{"start":{"line":10,"column":24},"end":{"line":10,"column":35}},"loc":{"start":{"line":10,"column":74},"end":{"line":46,"column":null}}}},"branchMap":{"0":{"loc":{"start":{"line":32,"column":8},"end":{"line":32,"column":null}},"type":"binary-expr","locations":[{"start":{"line":32,"column":8},"end":{"line":32,"column":null}}]},"1":{"loc":{"start":{"line":35,"column":14},"end":{"line":35,"column":null}},"type":"binary-expr","locations":[{"start":{"line":35,"column":14},"end":{"line":35,"column":33}},{"start":{"line":35,"column":37},"end":{"line":35,"column":null}}]}},"s":{"0":0,"1":0},"f":{"0":0},"b":{"0":[0],"1":[0,0]}}
,"/Users/martin/personal-projects/storyblok/test-storyblock/src/components/ui/Partner.tsx": {"path":"/Users/martin/personal-projects/storyblok/test-storyblock/src/components/ui/Partner.tsx","statementMap":{"0":{"start":{"line":16,"column":24},"end":{"line":16,"column":32}},"1":{"start":{"line":2,"column":18},"end":{"line":2,"column":null}},"2":{"start":{"line":18,"column":14},"end":{"line":18,"column":null}},"3":{"start":{"line":19,"column":15},"end":{"line":19,"column":null}},"4":{"start":{"line":21,"column":2},"end":{"line":22,"column":null}},"5":{"start":{"line":23,"column":22},"end":{"line":23,"column":null}}},"fnMap":{"0":{"name":"Partner","decl":{"start":{"line":16,"column":24},"end":{"line":16,"column":32}},"loc":{"start":{"line":16,"column":69},"end":{"line":73,"column":null}}}},"branchMap":{"0":{"loc":{"start":{"line":19,"column":15},"end":{"line":19,"column":null}},"type":"binary-expr","locations":[{"start":{"line":19,"column":15},"end":{"line":19,"column":38}},{"start":{"line":19,"column":38},"end":{"line":19,"column":null}}]},"1":{"loc":{"start":{"line":21,"column":2},"end":{"line":22,"column":null}},"type":"binary-expr","locations":[{"start":{"line":21,"column":2},"end":{"line":21,"column":null}},{"start":{"line":22,"column":2},"end":{"line":22,"column":null}}]},"2":{"loc":{"start":{"line":32,"column":7},"end":{"line":32,"column":null}},"type":"binary-expr","locations":[{"start":{"line":32,"column":7},"end":{"line":32,"column":null}}]},"3":{"loc":{"start":{"line":36,"column":14},"end":{"line":36,"column":null}},"type":"binary-expr","locations":[{"start":{"line":36,"column":14},"end":{"line":36,"column":41}},{"start":{"line":36,"column":41},"end":{"line":36,"column":null}}]},"4":{"loc":{"start":{"line":56,"column":6},"end":{"line":56,"column":null}},"type":"binary-expr","locations":[{"start":{"line":56,"column":6},"end":{"line":56,"column":null}}]},"5":{"loc":{"start":{"line":61,"column":16},"end":{"line":61,"column":null}},"type":"binary-expr","locations":[{"start":{"line":61,"column":16},"end":{"line":61,"column":46}},{"start":{"line":61,"column":46},"end":{"line":61,"column":null}}]},"6":{"loc":{"start":{"line":62,"column":17},"end":{"line":62,"column":null}},"type":"binary-expr","locations":[{"start":{"line":62,"column":17},"end":{"line":62,"column":48}},{"start":{"line":62,"column":48},"end":{"line":62,"column":null}}]},"7":{"loc":{"start":{"line":63,"column":14},"end":{"line":63,"column":null}},"type":"binary-expr","locations":[{"start":{"line":63,"column":14},"end":{"line":63,"column":42}},{"start":{"line":63,"column":42},"end":{"line":63,"column":null}}]}},"s":{"0":0,"1":0,"2":0,"3":0,"4":0,"5":0},"f":{"0":0},"b":{"0":[0,0],"1":[0,0],"2":[0],"3":[0,0],"4":[0],"5":[0,0],"6":[0,0],"7":[0,0]}}
,"/Users/martin/personal-projects/storyblok/test-storyblock/src/components/ui/Process.tsx": {"path":"/Users/martin/personal-projects/storyblok/test-storyblock/src/components/ui/Process.tsx","statementMap":{"0":{"start":{"line":18,"column":24},"end":{"line":18,"column":32}},"1":{"start":{"line":2,"column":41},"end":{"line":2,"column":null}},"2":{"start":{"line":3,"column":18},"end":{"line":3,"column":null}},"3":{"start":{"line":53,"column":9},"end":{"line":53,"column":null}}},"fnMap":{"0":{"name":"Process","decl":{"start":{"line":18,"column":24},"end":{"line":18,"column":32}},"loc":{"start":{"line":18,"column":68},"end":{"line":77,"column":null}}},"1":{"name":"(anonymous_3)","decl":{"start":{"line":52,"column":26},"end":{"line":52,"column":27}},"loc":{"start":{"line":53,"column":9},"end":{"line":53,"column":null}}}},"branchMap":{"0":{"loc":{"start":{"line":23,"column":21},"end":{"line":25,"column":null}},"type":"cond-expr","locations":[{"start":{"line":24,"column":7},"end":{"line":24,"column":49}},{"start":{"line":25,"column":7},"end":{"line":25,"column":null}}]},"1":{"loc":{"start":{"line":51,"column":7},"end":{"line":55,"column":21}},"type":"cond-expr","locations":[{"start":{"line":52,"column":9},"end":{"line":53,"column":null}},{"start":{"line":55,"column":9},"end":{"line":55,"column":21}}]},"2":{"loc":{"start":{"line":59,"column":6},"end":{"line":59,"column":null}},"type":"binary-expr","locations":[{"start":{"line":59,"column":6},"end":{"line":59,"column":null}}]},"3":{"loc":{"start":{"line":64,"column":16},"end":{"line":64,"column":null}},"type":"binary-expr","locations":[{"start":{"line":64,"column":16},"end":{"line":64,"column":48}},{"start":{"line":64,"column":52},"end":{"line":64,"column":null}}]},"4":{"loc":{"start":{"line":65,"column":17},"end":{"line":65,"column":null}},"type":"binary-expr","locations":[{"start":{"line":65,"column":17},"end":{"line":65,"column":50}},{"start":{"line":65,"column":54},"end":{"line":65,"column":null}}]},"5":{"loc":{"start":{"line":67,"column":10},"end":{"line":67,"column":null}},"type":"binary-expr","locations":[{"start":{"line":67,"column":10},"end":{"line":67,"column":40}},{"start":{"line":67,"column":44},"end":{"line":67,"column":null}}]}},"s":{"0":0,"1":0,"2":0,"3":0},"f":{"0":0,"1":0},"b":{"0":[0,0],"1":[0,0],"2":[0],"3":[0,0],"4":[0,0],"5":[0,0]}}
,"/Users/martin/personal-projects/storyblok/test-storyblock/src/components/ui/language-switcher.tsx": {"path":"/Users/martin/personal-projects/storyblok/test-storyblock/src/components/ui/language-switcher.tsx","statementMap":{"0":{"start":{"line":94,"column":0},"end":{"line":94,"column":15}},"1":{"start":{"line":3,"column":43},"end":{"line":3,"column":null}},"2":{"start":{"line":4,"column":26},"end":{"line":4,"column":null}},"3":{"start":{"line":5,"column":49},"end":{"line":5,"column":null}},"4":{"start":{"line":6,"column":34},"end":{"line":6,"column":null}},"5":{"start":{"line":7,"column":39},"end":{"line":7,"column":null}},"6":{"start":{"line":8,"column":19},"end":{"line":8,"column":null}},"7":{"start":{"line":17,"column":7},"end":{"line":17,"column":null}},"8":{"start":{"line":23,"column":18},"end":{"line":23,"column":null}},"9":{"start":{"line":23,"column":47},"end":{"line":23,"column":null}},"10":{"start":{"line":25,"column":25},"end":{"line":92,"column":null}},"11":{"start":{"line":26,"column":16},"end":{"line":26,"column":null}},"12":{"start":{"line":27,"column":22},"end":{"line":27,"column":null}},"13":{"start":{"line":28,"column":18},"end":{"line":28,"column":null}},"14":{"start":{"line":29,"column":16},"end":{"line":29,"column":null}},"15":{"start":{"line":30,"column":38},"end":{"line":30,"column":null}},"16":{"start":{"line":32,"column":25},"end":{"line":32,"column":null}},"17":{"start":{"line":33,"column":22},"end":{"line":33,"column":null}},"18":{"start":{"line":35,"column":22},"end":{"line":35,"column":null}},"19":{"start":{"line":36,"column":18},"end":{"line":36,"column":null}},"20":{"start":{"line":38,"column":26},"end":{"line":41,"column":null}},"21":{"start":{"line":40,"column":29},"end":{"line":40,"column":null}},"22":{"start":{"line":43,"column":1},"end":{"line":45,"column":null}},"23":{"start":{"line":44,"column":2},"end":{"line":44,"column":null}},"24":{"start":{"line":48,"column":28},"end":{"line":56,"column":null}},"25":{"start":{"line":49,"column":2},"end":{"line":51,"column":null}},"26":{"start":{"line":50,"column":3},"end":{"line":50,"column":null}},"27":{"start":{"line":53,"column":2},"end":{"line":55,"column":null}},"28":{"start":{"line":54,"column":3},"end":{"line":54,"column":null}},"29":{"start":{"line":58,"column":22},"end":{"line":58,"column":null}},"30":{"start":{"line":66,"column":5},"end":{"line":66,"column":null}},"31":{"start":{"line":78,"column":7},"end":{"line":78,"column":30}},"32":{"start":{"line":94,"column":15},"end":{"line":94,"column":null}}},"fnMap":{"0":{"name":"(anonymous_1)","decl":{"start":{"line":23,"column":35},"end":{"line":23,"column":36}},"loc":{"start":{"line":23,"column":47},"end":{"line":23,"column":null}}},"1":{"name":"(anonymous_2)","decl":{"start":{"line":25,"column":25},"end":{"line":25,"column":26}},"loc":{"start":{"line":25,"column":62},"end":{"line":92,"column":null}}},"2":{"name":"(anonymous_3)","decl":{"start":{"line":40,"column":22},"end":{"line":40,"column":23}},"loc":{"start":{"line":40,"column":29},"end":{"line":40,"column":null}}},"3":{"name":"(anonymous_4)","decl":{"start":{"line":43,"column":11},"end":{"line":43,"column":null}},"loc":{"start":{"line":43,"column":11},"end":{"line":45,"column":4}}},"4":{"name":"(anonymous_5)","decl":{"start":{"line":48,"column":28},"end":{"line":48,"column":29}},"loc":{"start":{"line":48,"column":29},"end":{"line":56,"column":null}}},"5":{"name":"(anonymous_6)","decl":{"start":{"line":53,"column":18},"end":{"line":53,"column":null}},"loc":{"start":{"line":53,"column":18},"end":{"line":55,"column":null}}},"6":{"name":"(anonymous_7)","decl":{"start":{"line":65,"column":19},"end":{"line":65,"column":20}},"loc":{"start":{"line":66,"column":5},"end":{"line":66,"column":null}}},"7":{"name":"(anonymous_8)","decl":{"start":{"line":77,"column":28},"end":{"line":77,"column":29}},"loc":{"start":{"line":78,"column":7},"end":{"line":78,"column":30}}}},"branchMap":{"0":{"loc":{"start":{"line":49,"column":2},"end":{"line":51,"column":null}},"type":"if","locations":[{"start":{"line":49,"column":2},"end":{"line":51,"column":null}}]},"1":{"loc":{"start":{"line":70,"column":32},"end":{"line":70,"column":null}},"type":"binary-expr","locations":[{"start":{"line":70,"column":32},"end":{"line":70,"column":48}},{"start":{"line":70,"column":48},"end":{"line":70,"column":null}}]},"2":{"loc":{"start":{"line":88,"column":5},"end":{"line":88,"column":null}},"type":"binary-expr","locations":[{"start":{"line":88,"column":5},"end":{"line":88,"column":18}},{"start":{"line":88,"column":18},"end":{"line":88,"column":null}}]}},"s":{"0":0,"1":0,"2":0,"3":0,"4":0,"5":0,"6":0,"7":0,"8":0,"9":0,"10":0,"11":0,"12":0,"13":0,"14":0,"15":0,"16":0,"17":0,"18":0,"19":0,"20":0,"21":0,"22":0,"23":0,"24":0,"25":0,"26":0,"27":0,"28":0,"29":0,"30":0,"31":0,"32":0},"f":{"0":0,"1":0,"2":0,"3":0,"4":0,"5":0,"6":0,"7":0},"b":{"0":[0],"1":[0,0],"2":[0,0]}}
,"/Users/martin/personal-projects/storyblok/test-storyblock/src/components/ui/select.tsx": {"path":"/Users/martin/personal-projects/storyblok/test-storyblock/src/components/ui/select.tsx","statementMap":{"0":{"start":{"line":177,"column":1},"end":{"line":177,"column":null}},"1":{"start":{"line":178,"column":1},"end":{"line":178,"column":null}},"2":{"start":{"line":179,"column":1},"end":{"line":179,"column":null}},"3":{"start":{"line":180,"column":1},"end":{"line":180,"column":null}},"4":{"start":{"line":181,"column":1},"end":{"line":181,"column":null}},"5":{"start":{"line":182,"column":1},"end":{"line":182,"column":null}},"6":{"start":{"line":183,"column":1},"end":{"line":183,"column":null}},"7":{"start":{"line":184,"column":1},"end":{"line":184,"column":null}},"8":{"start":{"line":185,"column":1},"end":{"line":185,"column":null}},"9":{"start":{"line":186,"column":1},"end":{"line":186,"column":null}},"10":{"start":{"line":3,"column":33},"end":{"line":3,"column":null}},"11":{"start":{"line":4,"column":58},"end":{"line":4,"column":null}},"12":{"start":{"line":7,"column":19},"end":{"line":7,"column":null}}},"fnMap":{"0":{"name":"Select","decl":{"start":{"line":9,"column":9},"end":{"line":9,"column":16}},"loc":{"start":{"line":11,"column":52},"end":{"line":13,"column":null}}},"1":{"name":"SelectGroup","decl":{"start":{"line":15,"column":9},"end":{"line":15,"column":21}},"loc":{"start":{"line":17,"column":53},"end":{"line":19,"column":null}}},"2":{"name":"SelectValue","decl":{"start":{"line":21,"column":9},"end":{"line":21,"column":21}},"loc":{"start":{"line":23,"column":53},"end":{"line":25,"column":null}}},"3":{"name":"SelectTrigger","decl":{"start":{"line":27,"column":9},"end":{"line":27,"column":23}},"loc":{"start":{"line":34,"column":1},"end":{"line":51,"column":null}}},"4":{"name":"SelectContent","decl":{"start":{"line":53,"column":9},"end":{"line":53,"column":23}},"loc":{"start":{"line":59,"column":55},"end":{"line":88,"column":null}}},"5":{"name":"SelectLabel","decl":{"start":{"line":90,"column":9},"end":{"line":90,"column":21}},"loc":{"start":{"line":93,"column":53},"end":{"line":101,"column":null}}},"6":{"name":"SelectItem","decl":{"start":{"line":103,"column":9},"end":{"line":103,"column":20}},"loc":{"start":{"line":107,"column":52},"end":{"line":125,"column":null}}},"7":{"name":"SelectSeparator","decl":{"start":{"line":127,"column":9},"end":{"line":127,"column":25}},"loc":{"start":{"line":130,"column":57},"end":{"line":138,"column":null}}},"8":{"name":"SelectScrollUpButton","decl":{"start":{"line":140,"column":9},"end":{"line":140,"column":30}},"loc":{"start":{"line":143,"column":62},"end":{"line":156,"column":null}}},"9":{"name":"SelectScrollDownButton","decl":{"start":{"line":158,"column":9},"end":{"line":158,"column":32}},"loc":{"start":{"line":161,"column":64},"end":{"line":174,"column":null}}}},"branchMap":{"0":{"loc":{"start":{"line":29,"column":1},"end":{"line":29,"column":17}},"type":"default-arg","locations":[{"start":{"line":29,"column":8},"end":{"line":29,"column":17}}]},"1":{"loc":{"start":{"line":56,"column":1},"end":{"line":56,"column":20}},"type":"default-arg","locations":[{"start":{"line":56,"column":12},"end":{"line":56,"column":20}}]},"2":{"loc":{"start":{"line":57,"column":1},"end":{"line":57,"column":17}},"type":"default-arg","locations":[{"start":{"line":57,"column":9},"end":{"line":57,"column":17}}]},"3":{"loc":{"start":{"line":66,"column":5},"end":{"line":67,"column":null}},"type":"binary-expr","locations":[{"start":{"line":66,"column":5},"end":{"line":66,"column":null}},{"start":{"line":67,"column":6},"end":{"line":67,"column":null}}]},"4":{"loc":{"start":{"line":78,"column":6},"end":{"line":79,"column":null}},"type":"binary-expr","locations":[{"start":{"line":78,"column":6},"end":{"line":78,"column":null}},{"start":{"line":79,"column":7},"end":{"line":79,"column":null}}]}},"s":{"0":0,"1":0,"2":0,"3":0,"4":0,"5":0,"6":0,"7":0,"8":0,"9":0,"10":0,"11":0,"12":0},"f":{"0":0,"1":0,"2":0,"3":0,"4":0,"5":0,"6":0,"7":0,"8":0,"9":0},"b":{"0":[0],"1":[0],"2":[0],"3":[0,0],"4":[0,0]}}
,"/Users/martin/personal-projects/storyblok/test-storyblock/src/lib/metadata.ts": {"path":"/Users/martin/personal-projects/storyblok/test-storyblock/src/lib/metadata.ts","statementMap":{"0":{"start":{"line":10,"column":22},"end":{"line":10,"column":48}},"1":{"start":{"line":3,"column":25},"end":{"line":3,"column":null}},"2":{"start":{"line":14,"column":20},"end":{"line":14,"column":null}},"3":{"start":{"line":18,"column":15},"end":{"line":18,"column":null}},"4":{"start":{"line":20,"column":1},"end":{"line":26,"column":null}},"5":{"start":{"line":22,"column":2},"end":{"line":25,"column":null}},"6":{"start":{"line":28,"column":17},"end":{"line":28,"column":43}},"7":{"start":{"line":29,"column":16},"end":{"line":29,"column":43}},"8":{"start":{"line":32,"column":2},"end":{"line":33,"column":null}},"9":{"start":{"line":35,"column":32},"end":{"line":52,"column":null}},"10":{"start":{"line":55,"column":1},"end":{"line":63,"column":null}},"11":{"start":{"line":56,"column":2},"end":{"line":62,"column":null}},"12":{"start":{"line":65,"column":1},"end":{"line":65,"column":null}}},"fnMap":{"0":{"name":"generateStoryblokMetadata","decl":{"start":{"line":10,"column":22},"end":{"line":10,"column":48}},"loc":{"start":{"line":13,"column":18},"end":{"line":66,"column":null}}}},"branchMap":{"0":{"loc":{"start":{"line":14,"column":20},"end":{"line":14,"column":null}},"type":"binary-expr","locations":[{"start":{"line":14,"column":20},"end":{"line":14,"column":43}},{"start":{"line":14,"column":47},"end":{"line":14,"column":null}}]},"1":{"loc":{"start":{"line":20,"column":1},"end":{"line":26,"column":null}},"type":"if","locations":[{"start":{"line":20,"column":1},"end":{"line":26,"column":null}}]},"2":{"loc":{"start":{"line":32,"column":2},"end":{"line":33,"column":null}},"type":"binary-expr","locations":[{"start":{"line":32,"column":2},"end":{"line":32,"column":null}},{"start":{"line":33,"column":2},"end":{"line":33,"column":null}}]},"3":{"loc":{"start":{"line":36,"column":9},"end":{"line":36,"column":null}},"type":"binary-expr","locations":[{"start":{"line":36,"column":9},"end":{"line":36,"column":27}},{"start":{"line":36,"column":27},"end":{"line":36,"column":null}}]},"4":{"loc":{"start":{"line":37,"column":15},"end":{"line":37,"column":null}},"type":"binary-expr","locations":[{"start":{"line":37,"column":15},"end":{"line":37,"column":39}},{"start":{"line":37,"column":39},"end":{"line":37,"column":null}}]},"5":{"loc":{"start":{"line":39,"column":10},"end":{"line":39,"column":null}},"type":"binary-expr","locations":[{"start":{"line":39,"column":10},"end":{"line":39,"column":31}},{"start":{"line":39,"column":31},"end":{"line":39,"column":null}}]},"6":{"loc":{"start":{"line":40,"column":16},"end":{"line":40,"column":null}},"type":"binary-expr","locations":[{"start":{"line":40,"column":16},"end":{"line":40,"column":43}},{"start":{"line":40,"column":43},"end":{"line":40,"column":null}}]},"7":{"loc":{"start":{"line":41,"column":11},"end":{"line":41,"column":54}},"type":"cond-expr","locations":[{"start":{"line":41,"column":31},"end":{"line":41,"column":52}},{"start":{"line":41,"column":52},"end":{"line":41,"column":54}}]},"8":{"loc":{"start":{"line":44,"column":10},"end":{"line":44,"column":null}},"type":"binary-expr","locations":[{"start":{"line":44,"column":10},"end":{"line":44,"column":36}},{"start":{"line":44,"column":36},"end":{"line":44,"column":null}}]},"9":{"loc":{"start":{"line":45,"column":16},"end":{"line":45,"column":null}},"type":"binary-expr","locations":[{"start":{"line":45,"column":16},"end":{"line":45,"column":48}},{"start":{"line":45,"column":48},"end":{"line":45,"column":null}}]},"10":{"loc":{"start":{"line":46,"column":11},"end":{"line":46,"column":64}},"type":"cond-expr","locations":[{"start":{"line":46,"column":36},"end":{"line":46,"column":62}},{"start":{"line":46,"column":62},"end":{"line":46,"column":64}}]},"11":{"loc":{"start":{"line":49,"column":10},"end":{"line":49,"column":null}},"type":"binary-expr","locations":[{"start":{"line":49,"column":10},"end":{"line":49,"column":27}},{"start":{"line":49,"column":27},"end":{"line":49,"column":null}}]},"12":{"loc":{"start":{"line":50,"column":11},"end":{"line":50,"column":null}},"type":"binary-expr","locations":[{"start":{"line":50,"column":11},"end":{"line":50,"column":29}},{"start":{"line":50,"column":29},"end":{"line":50,"column":null}}]},"13":{"loc":{"start":{"line":55,"column":1},"end":{"line":63,"column":null}},"type":"if","locations":[{"start":{"line":55,"column":1},"end":{"line":63,"column":null}}]}},"s":{"0":0,"1":0,"2":0,"3":0,"4":0,"5":0,"6":0,"7":0,"8":0,"9":0,"10":0,"11":0,"12":0},"f":{"0":0},"b":{"0":[0,0],"1":[0],"2":[0,0],"3":[0,0],"4":[0,0],"5":[0,0],"6":[0,0],"7":[0,0],"8":[0,0],"9":[0,0],"10":[0,0],"11":[0,0],"12":[0,0],"13":[0]}}
,"/Users/martin/personal-projects/storyblok/test-storyblock/src/lib/storyblok.ts": {"path":"/Users/martin/personal-projects/storyblok/test-storyblock/src/lib/storyblok.ts","statementMap":{"0":{"start":{"line":67,"column":13},"end":{"line":67,"column":31}},"1":{"start":{"line":1,"column":41},"end":{"line":1,"column":null}},"2":{"start":{"line":2,"column":20},"end":{"line":2,"column":null}},"3":{"start":{"line":3,"column":17},"end":{"line":3,"column":null}},"4":{"start":{"line":4,"column":19},"end":{"line":4,"column":null}},"5":{"start":{"line":5,"column":17},"end":{"line":5,"column":null}},"6":{"start":{"line":6,"column":23},"end":{"line":6,"column":null}},"7":{"start":{"line":7,"column":21},"end":{"line":7,"column":null}},"8":{"start":{"line":8,"column":17},"end":{"line":8,"column":null}},"9":{"start":{"line":9,"column":23},"end":{"line":9,"column":null}},"10":{"start":{"line":10,"column":20},"end":{"line":10,"column":null}},"11":{"start":{"line":11,"column":20},"end":{"line":11,"column":null}},"12":{"start":{"line":13,"column":29},"end":{"line":13,"column":null}},"13":{"start":{"line":18,"column":7},"end":{"line":18,"column":null}},"14":{"start":{"line":23,"column":30},"end":{"line":23,"column":null}},"15":{"start":{"line":26,"column":27},"end":{"line":26,"column":null}},"16":{"start":{"line":30,"column":28},"end":{"line":30,"column":null}},"17":{"start":{"line":34,"column":29},"end":{"line":34,"column":null}},"18":{"start":{"line":37,"column":33},"end":{"line":37,"column":null}},"19":{"start":{"line":41,"column":7},"end":{"line":41,"column":null}},"20":{"start":{"line":47,"column":19},"end":{"line":65,"column":null}},"21":{"start":{"line":67,"column":31},"end":{"line":72,"column":null}}},"fnMap":{"0":{"name":"(anonymous_5)","decl":{"start":{"line":13,"column":23},"end":{"line":13,"column":29}},"loc":{"start":{"line":13,"column":29},"end":{"line":13,"column":null}}},"1":{"name":"(anonymous_6)","decl":{"start":{"line":13,"column":29},"end":{"line":13,"column":36}},"loc":{"start":{"line":13,"column":29},"end":{"line":13,"column":null}}},"2":{"name":"(anonymous_8)","decl":{"start":{"line":18,"column":1},"end":{"line":18,"column":7}},"loc":{"start":{"line":18,"column":7},"end":{"line":18,"column":null}}},"3":{"name":"(anonymous_9)","decl":{"start":{"line":18,"column":7},"end":{"line":18,"column":14}},"loc":{"start":{"line":18,"column":7},"end":{"line":18,"column":null}}},"4":{"name":"(anonymous_11)","decl":{"start":{"line":23,"column":24},"end":{"line":23,"column":30}},"loc":{"start":{"line":23,"column":30},"end":{"line":23,"column":null}}},"5":{"name":"(anonymous_12)","decl":{"start":{"line":23,"column":30},"end":{"line":23,"column":37}},"loc":{"start":{"line":23,"column":30},"end":{"line":23,"column":null}}},"6":{"name":"(anonymous_14)","decl":{"start":{"line":26,"column":21},"end":{"line":26,"column":27}},"loc":{"start":{"line":26,"column":27},"end":{"line":26,"column":null}}},"7":{"name":"(anonymous_15)","decl":{"start":{"line":26,"column":27},"end":{"line":26,"column":34}},"loc":{"start":{"line":26,"column":27},"end":{"line":26,"column":null}}},"8":{"name":"(anonymous_17)","decl":{"start":{"line":30,"column":22},"end":{"line":30,"column":28}},"loc":{"start":{"line":30,"column":28},"end":{"line":30,"column":null}}},"9":{"name":"(anonymous_18)","decl":{"start":{"line":30,"column":28},"end":{"line":30,"column":35}},"loc":{"start":{"line":30,"column":28},"end":{"line":30,"column":null}}},"10":{"name":"(anonymous_20)","decl":{"start":{"line":34,"column":23},"end":{"line":34,"column":29}},"loc":{"start":{"line":34,"column":29},"end":{"line":34,"column":null}}},"11":{"name":"(anonymous_21)","decl":{"start":{"line":34,"column":29},"end":{"line":34,"column":36}},"loc":{"start":{"line":34,"column":29},"end":{"line":34,"column":null}}},"12":{"name":"(anonymous_23)","decl":{"start":{"line":37,"column":27},"end":{"line":37,"column":33}},"loc":{"start":{"line":37,"column":33},"end":{"line":37,"column":null}}},"13":{"name":"(anonymous_24)","decl":{"start":{"line":37,"column":33},"end":{"line":37,"column":40}},"loc":{"start":{"line":37,"column":33},"end":{"line":37,"column":null}}},"14":{"name":"(anonymous_26)","decl":{"start":{"line":41,"column":1},"end":{"line":41,"column":7}},"loc":{"start":{"line":41,"column":7},"end":{"line":41,"column":null}}},"15":{"name":"(anonymous_27)","decl
[...]
,"/Users/martin/personal-projects/storyblok/test-storyblock/src/lib/utils.ts": {"path":"/Users/martin/personal-projects/storyblok/test-storyblock/src/lib/utils.ts","statementMap":{"0":{"start":{"line":4,"column":16},"end":{"line":4,"column":19}},"1":{"start":{"line":121,"column":13},"end":{"line":121,"column":38}},"2":{"start":{"line":281,"column":13},"end":{"line":281,"column":27}},"3":{"start":{"line":277,"column":13},"end":{"line":277,"column":27}},"4":{"start":{"line":34,"column":22},"end":{"line":34,"column":null}},"5":{"start":{"line":239,"column":13},"end":{"line":239,"column":31}},"6":{"start":{"line":175,"column":13},"end":{"line":175,"column":38}},"7":{"start":{"line":1,"column":38},"end":{"line":1,"column":null}},"8":{"start":{"line":2,"column":24},"end":{"line":2,"column":null}},"9":{"start":{"line":5,"column":1},"end":{"line":5,"column":null}},"10":{"start":{"line":22,"column":19},"end":{"line":32,"column":null}},"11":{"start":{"line":23,"column":16},"end":{"line":23,"column":42}},"12":{"start":{"line":24,"column":1},"end":{"line":30,"column":null}},"13":{"start":{"line":25,"column":23},"end":{"line":27,"column":null}},"14":{"start":{"line":27,"column":4},"end":{"line":27,"column":null}},"15":{"start":{"line":29,"column":2},"end":{"line":29,"column":null}},"16":{"start":{"line":31,"column":1},"end":{"line":31,"column":null}},"17":{"start":{"line":35,"column":24},"end":{"line":35,"column":null}},"18":{"start":{"line":37,"column":1},"end":{"line":40,"column":null}},"19":{"start":{"line":38,"column":2},"end":{"line":38,"column":null}},"20":{"start":{"line":39,"column":2},"end":{"line":39,"column":null}},"21":{"start":{"line":41,"column":1},"end":{"line":44,"column":null}},"22":{"start":{"line":42,"column":2},"end":{"line":42,"column":null}},"23":{"start":{"line":43,"column":2},"end":{"line":43,"column":null}},"24":{"start":{"line":45,"column":1},"end":{"line":48,"column":null}},"25":{"start":{"line":46,"column":2},"end":{"line":46,"column":null}},"26":{"start":{"line":47,"column":2},"end":{"line":47,"column":null}},"27":{"start":{"line":50,"column":1},"end":{"line":61,"column":null}},"28":{"start":{"line":51,"column":16},"end":{"line":55,"column":null}},"29":{"start":{"line":57,"column":2},"end":{"line":57,"column":null}},"30":{"start":{"line":59,"column":2},"end":{"line":59,"column":null}},"31":{"start":{"line":60,"column":2},"end":{"line":60,"column":null}},"32":{"start":{"line":121,"column":38},"end":{"line":172,"column":null}},"33":{"start":{"line":126,"column":13},"end":{"line":126,"column":120}},"34":{"start":{"line":128,"column":16},"end":{"line":132,"column":null}},"35":{"start":{"line":134,"column":1},"end":{"line":171,"column":null}},"36":{"start":{"line":135,"column":19},"end":{"line":142,"column":null}},"37":{"start":{"line":144,"column":2},"end":{"line":150,"column":null}},"38":{"start":{"line":145,"column":21},"end":{"line":145,"column":null}},"39":{"start":{"line":146,"column":3},"end":{"line":149,"column":null}},"40":{"start":{"line":152,"column":16},"end":{"line":152,"column":null}},"41":{"start":{"line":154,"column":2},"end":{"line":159,"column":null}},"42":{"start":{"line":155,"column":3},"end":{"line":158,"column":null}},"43":{"start":{"line":161,"column":2},"end":{"line":164,"column":null}},"44":{"start":{"line":166,"column":2},"end":{"line":170,"column":null}},"45":{"start":{"line":175,"column":38},"end":{"line":228,"column":null}},"46":{"start":{"line":182,"column":13},"end":{"line":182,"column":141}},"47":{"start":{"line":184,"column":17},"end":{"line":191,"column":null}},"48":{"start":{"line":193,"column":1},"end":{"line":227,"column":null}},"49":{"start":{"line":194,"column":19},"end":{"line":202,"column":null}},"50":{"start":{"line":204,"column":2},"end":{"line":210,"column":null}},"51":{"start":{"line":205,"column":21},"end":{"line":205,"column":null}},"52":{"start":{"line":206,"column":3},"end":{"line":209,"column":null}},"53":{"start":{"line":212,"column":16},"end":{"line":212,"column":null}},"54":{"start":{"line":214,"column":2},"end":{"line":219,"column":null}},"55":{"start":{"line":215,"column":3},"end":{"line":218,"column":null}},"56":{"start":{"line":221,"column":2},"end":{"line":221,"column":null}},"57":{"start":{"line":223,"column":2},"end":{"line":226,"column":null}},"58":{"start":{"line":239,"column":31},"end":{"line":275,"column":null}},"59":{"start":{"line":243,"column":1},"end":{"line":274,"column":null}},"60":{"start":{"line":244,"column":23},"end":{"line":244,"column":null}},"61":{"start":{"line":245,"column":2},"end":{"line":247,"column":null}},"62":{"start":{"line":249,"column":2},"end":{"line":249,"column":null}},"63":{"start":{"line":250,"column":2},"end":{"line":250,"column":null}},"64":{"start":{"line":252,"column":19},"end":{"line":257,"column":null}},"65":{"start":{"line":259,"column":2},"end":{"line":266,"column":null}},"66":{"start":{"line":260,"column":3},"end":{"line":263,"column":null}},"67":{"start":{"line":265,"column":3},"end":{"line":265,"column":null}},"68":{"start":{"line":268,"column":16},"end":{"line":268,"column":null}},"69":{"start":{"line":270,"column":2},"end":{"line":270,"column":null}},"70":{"start":{"line":272,"column":2},"end":{"line":272,"column":null}},"71":{"start":{"line":273,"column":2},"end":{"line":273,"column":null}},"72":{"start":{"line":277,"column":27},"end":{"line":279,"column":null}},"73":{"start":{"line":278,"column":1},"end":{"line":278,"column":null}},"74":{"start":{"line":281,"column":27},"end":{"line":283,"column":null}},"75":{"start":{"line":282,"column":1},"end":{"line":282,"column":null}}},"fnMap":{"0":{"name":"cn","decl":{"start":{"line":4,"column":16},"end":{"line":4,"column":19}},"loc":{"start":{"line":4,"column":42},"end":{"line":6,"column":null}}},"1":{"name":"(anonymous_9)","decl":{"start":{"line":22,"column":19},"end":{"line":22,"column":null}},"loc":{"start":{"line":22,"column":19},"end":{"line":32,"column":null}}},"2":{"name":"(anonymous_10)","decl":{"start":{"line":26,"column":3},"end":{"line":26,"column":4}},"loc":{"start":{"line":27,"column":4},"end":{"line":27,"column":null}}},"3":{"name":"onReCaptchaVerify","decl":{"start":{"line":34,"column":22},"end":{"line":34,"column":null}},"loc":{"start":{"line":34,"column":22},"end":{"line":62,"column":null}}},"4":{"name":"(anonymous_12)","decl":{"start":{"line":121,"column":38},"end":{"line":121,"column":null}},"loc":{"start":{"line":121,"column":38},"end":{"line":172,"column":null}}},"5":{"name":"(anonymous_13)","decl":{"start":{"line":175,"column":38},"end":{"line":175,"column":45}},"loc":{"start":{"line":181,"column":18},"end":{"line":228,"column":null}}},"6":{"name":"(anonymous_14)","decl":{"start":{"line":239,"column":31},"end":{"line":239,"column":null}},"loc":{"start":{"line":241,"column":1},"end":{"line":275,"column":null}}},"7":{"name":"(anonymous_15)","decl":{"start":{"line":277,"column":27},"end":{"line":277,"column":28}},"loc":{"start":{"line":277,"column":28},"end":{"line":279,"column":null}}},"8":{"name":"(anonymous_16)","decl":{"start":{"line":281,"column":27},"end":{"line":281,"column":28}},"loc":{"start":{"line":281,"column":28},"end":{"line":283,"column":null}}}},"branchMap":{"0":{"loc":{"start":{"line":24,"column":1},"end":{"line":30,"column":null}},"type":"if","locations":[{"start":{"line":24,"column":1},"end":{"line":30,"column":null}}]},"1":{"loc":{"start":{"line":25,"column":38},"end":{"line":25,"column":52}},"type":"binary-expr","locations":[{"start":{"line":25,"column":38},"end":{"line":25,"column":48}},{"start":{"line":25,"column":48},"end":{"line":25,"column":52}}]},"2":{"loc":{"start":{"line":29,"column":9},"end":{"line":29,"column":null}},"type":"cond-expr","locations":[{"start":{"line":29,"column":24},"end":{"line":29,"column":39}},{"start":{"line":29,"column":42},"end":{"line":29,"column":null}}]},"3":{"loc":{"start":{"line":37,"column":1},"end":{"line":40,"column":null}},"type":"if","locations":[{"start":{"line":37,"column":1},"end":{"line":40,"column":null}}]},"4":{"loc":{"start":{"line":41,"column":1},"end":{"line":44,"column":null}},"type":"if","locations":[{"start":{"line":41,"column":1},"end":{"line":44,"column":null}}]},"5":{"loc":{"start":{"line":45,"column":1},"end":{"line":48,"column":null}},"type":"if","locations":[{"start":{"line":45,"column":1},"end":{"line":48,"column":null}}]},"6":{"loc":{"start":{"line":130,"column":13},"end":{"line":130,"column":null}},"type":"binary-expr","locations":[{"start":{"line":130,"column":13},"end":{"line":130,"column":50}},{"start":{"line":130,"column":54},"end":{"line":130,"column":null}}]},"7":{"loc":{"start":{"line":131,"column":17},"end":{"line":131,"column":null}},"type":"binary-expr","locations":[{"start":{"line":131,"column":17},"end":{"line":131,"column":58}},{"start":{"line":131,"column":62},"end":{"line":131,"column":null}}]},"8":{"loc":{"start":{"line":139,"column":12},"end":{"line":139,"column":null}},"type":"binary-expr","locations":[{"start":{"line":139,"column":12},"end":{"line":139,"column":46}},{"start":{"line":139,"column":50},"end":{"line":139,"column":null}}]},"9":{"loc":{"start":{"line":144,"column":2},"end":{"line":150,"column":null}},"type":"if","locations":[{"start":{"line":144,"column":2},"end":{"line":150,"column":null}}]},"10":{"loc":{"start":{"line":154,"column":2},"end":{"line":159,"column":null}},"type":"if","locations":[{"start":{"line":154,"column":2},"end":{"line":159,"column":null}}]},"11":{"loc":{"start":{"line":169,"column":4},"end":{"line":169,"column":null}},"type":"cond-expr","locations":[{"start":{"line":169,"column":25},"end":{"line":169,"column":34}},{"start":{"line":169,"column":37},"end":{"line":169,"column":null}}]},"12":{"loc":{"start":{"line":180,"column":1},"end":{"line":180,"column":19}},"type":"default-arg","locations":[{"start":{"line":180,"column":12},"end":{"line":180,"column":19}}]},"13":{"loc":{"start":{"line":198,"column":12},"end":{"line":198,"column":null}},"type":"binary-expr","locations":[{"start":{"line":198,"column":12},"end":{"line":198,"column":46}},{"start":{"line":198,"column":50},"end":{"line":198,"column":null}}]},"14":{"loc":{"start":{"line":204,"column":2},"end":{"line":210,"column":null}},"type":"if","locations":[{"start":{"line":204,"column":2},"end":{"line":210,"column":null}}]},"15":{"loc":{"start":{"line":214,"column":2},"end":{"line":219,"column":null}},"type":"if","locations":[{"start":{"line":214,"column":2},"end":{"line":219,"column":null}}]},"16":{"loc":{"start":{"line":217,"column":18},"end":{"line":217,"column":null}},"type":"binary-expr","locations":[{"start":{"line":217,"column":18},"end":{"line":217,"column":53}},{"start":{"line":217,"column":53},"end":{"line":217,"column":null}}]},"17":{"loc":{"start":{"line":225,"column":17},"end":{"line":225,"column":null}},"type":"cond-expr","locations":[{"start":{"line":225,"column":38},"end":{"line":225,"column":47}},{"start":{"line":225,"column":50},"end":{"line":225,"column":null}}]},"18":{"loc":{"start":{"line":244,"column":31},"end":{"line":244,"column":null}},"type":"binary-expr","locations":[{"start":{"line":244,"column":31},"end":{"line":244,"column":63}},{"start":{"line":244,"column":67},"end":{"line":244,"column":null}}]},"19":{"loc":{"start":{"line":247,"column":3},"end":{"line":247,"column":null}},"type":"binary-expr","locations":[{"start":{"line":247,"column":3},"end":{"line":247,"column":35}},{"start":{"line":247,"column":39},"end":{"line":247,"column":null}}]},"20":{"loc":{"start":{"line":259,"column":2},"end":{"line":266,"column":null}},"type":"if","locations":[{"start":{"line":259,"column":2},"end":{"line":266,"column":null}}]}},"s":{"0":0,"1":0,"2":0,"3":0,"4":0,"5":0,"6":0,"7":0,"8":0,"9":0,"10":0,"11":0,"12":0,"13":0,"14":0,"15":0,"16":0,"17":0,"18":0,"19":0,"20":0,"21":0,"22":0,"23":0,"24":0,"25":0,"26":0,"27":0,"28":0,"29":0,"30":0,"31":0,"32":0,"33":0,"34":0,"35":0,"36":0,"37":0,"38":0,"39":0,"40":0,"41":0,"42":0,"43":0,"44":0,"45":0,"46":0,"47":0,"48":0,"49":0,"50":0,"51":0,"52":0,"53":0,"54":0,"55":0,"56":0,"57":0,"58":0,"59":0,"60":0,"61":0,"62":0,"63":0,"64":0,"65":0,"66":0,"67":0,"68":0,"69":0,"70":0,"71":0,"72":0,"73":0,"74":0,"75":0},"f":{"0":0,"1":0,"2":0,"3":0,"4":0,"5":0,"6":0,"7":0,"8":0},"b":{"0":[0],"1":[0,0],"2":[0,0],"3":[0],"4":[0],"5":[0],"6":[0,0],"7":[0,0],"8":[0,0],"9":[0],"10":[0],"11":[0,0],"12":[0],"13":[0,0],"14":[0],"15":[0],"16":[0,0],"17":[0,0],"18":[0,0],"19":[0,0],"20":[0]}}
,"/Users/martin/personal-projects/storyblok/test-storyblock/src/lib/fetchers/handleStoryblokApi.ts": {"path":"/Users/martin/personal-projects/storyblok/test-storyblock/src/lib/fetchers/handleStoryblokApi.ts","statementMap":{"0":{"start":{"line":5,"column":22},"end":{"line":5,"column":41}},"1":{"start":{"line":1,"column":29},"end":{"line":1,"column":null}},"2":{"start":{"line":3,"column":28},"end":{"line":3,"column":null}},"3":{"start":{"line":6,"column":26},"end":{"line":6,"column":null}},"4":{"start":{"line":7,"column":15},"end":{"line":7,"column":null}},"5":{"start":{"line":9,"column":20},"end":{"line":9,"column":null}},"6":{"start":{"line":13,"column":15},"end":{"line":13,"column":null}},"7":{"start":{"line":15,"column":1},"end":{"line":17,"column":null}},"8":{"start":{"line":16,"column":2},"end":{"line":16,"column":null}},"9":{"start":{"line":19,"column":1},"end":{"line":24,"column":null}}},"fnMap":{"0":{"name":"handleStoryblokApi","decl":{"start":{"line":5,"column":22},"end":{"line":5,"column":41}},"loc":{"start":{"line":5,"column":67},"end":{"line":25,"column":null}}}},"branchMap":{"0":{"loc":{"start":{"line":7,"column":15},"end":{"line":7,"column":null}},"type":"binary-expr","locations":[{"start":{"line":7,"column":15},"end":{"line":7,"column":43}},{"start":{"line":7,"column":43},"end":{"line":7,"column":null}}]},"1":{"loc":{"start":{"line":9,"column":20},"end":{"line":9,"column":null}},"type":"binary-expr","locations":[{"start":{"line":9,"column":20},"end":{"line":9,"column":43}},{"start":{"line":9,"column":47},"end":{"line":9,"column":null}}]},"2":{"loc":{"start":{"line":15,"column":1},"end":{"line":17,"column":null}},"type":"if","locations":[{"start":{"line":15,"column":1},"end":{"line":17,"column":null}}]}},"s":{"0":0,"1":0,"2":0,"3":0,"4":0,"5":0,"6":0,"7":0,"8":0,"9":0},"f":{"0":0},"b":{"0":[0,0],"1":[0,0],"2":[0]}}
,"/Users/martin/personal-projects/storyblok/test-storyblock/src/lib/fetchers/storyblok-fetcher.ts": {"path":"/Users/martin/personal-projects/storyblok/test-storyblock/src/lib/fetchers/storyblok-fetcher.ts","statementMap":{"0":{"start":{"line":5,"column":22},"end":{"line":5,"column":null}},"1":{"start":{"line":54,"column":13},"end":{"line":54,"column":24}},"2":{"start":{"line":1,"column":26},"end":{"line":1,"column":null}},"3":{"start":{"line":2,"column":32},"end":{"line":2,"column":null}},"4":{"start":{"line":3,"column":34},"end":{"line":3,"column":null}},"5":{"start":{"line":10,"column":1},"end":{"line":51,"column":null}},"6":{"start":{"line":11,"column":24},"end":{"line":11,"column":null}},"7":{"start":{"line":12,"column":23},"end":{"line":12,"column":null}},"8":{"start":{"line":14,"column":2},"end":{"line":17,"column":null}},"9":{"start":{"line":15,"column":3},"end":{"line":15,"column":null}},"10":{"start":{"line":16,"column":3},"end":{"line":16,"column":null}},"11":{"start":{"line":19,"column":16},"end":{"line":19,"column":38}},"12":{"start":{"line":21,"column":19},"end":{"line":35,"column":null}},"13":{"start":{"line":38,"column":2},"end":{"line":38,"column":null}},"14":{"start":{"line":41,"column":2},"end":{"line":47,"column":null}},"15":{"start":{"line":42,"column":20},"end":{"line":42,"column":null}},"16":{"start":{"line":43,"column":3},"end":{"line":46,"column":null}},"17":{"start":{"line":44,"column":4},"end":{"line":44,"column":null}},"18":{"start":{"line":45,"column":4},"end":{"line":45,"column":null}},"19":{"start":{"line":49,"column":2},"end":{"line":49,"column":null}},"20":{"start":{"line":50,"column":2},"end":{"line":50,"column":null}},"21":{"start":{"line":54,"column":24},"end":{"line":54,"column":null}}},"fnMap":{"0":{"name":"fetchSBData","decl":{"start":{"line":5,"column":22},"end":{"line":5,"column":null}},"loc":{"start":{"line":8,"column":34},"end":{"line":52,"column":null}}}},"branchMap":{"0":{"loc":{"start":{"line":8,"column":1},"end":{"line":8,"column":34}},"type":"default-arg","locations":[{"start":{"line":8,"column":16},"end":{"line":8,"column":34}}]},"1":{"loc":{"start":{"line":14,"column":2},"end":{"line":17,"column":null}},"type":"if","locations":[{"start":{"line":14,"column":2},"end":{"line":17,"column":null}}]},"2":{"loc":{"start":{"line":25,"column":5},"end":{"line":27,"column":null}},"type":"cond-expr","locations":[{"start":{"line":26,"column":8},"end":{"line":26,"column":null}},{"start":{"line":27,"column":8},"end":{"line":27,"column":null}}]},"3":{"loc":{"start":{"line":25,"column":5},"end":{"line":25,"column":null}},"type":"binary-expr","locations":[{"start":{"line":25,"column":5},"end":{"line":25,"column":47}},{"start":{"line":25,"column":47},"end":{"line":25,"column":null}}]},"4":{"loc":{"start":{"line":38,"column":9},"end":{"line":38,"column":null}},"type":"binary-expr","locations":[{"start":{"line":38,"column":9},"end":{"line":38,"column":34}},{"start":{"line":38,"column":34},"end":{"line":38,"column":null}}]},"5":{"loc":{"start":{"line":41,"column":2},"end":{"line":47,"column":null}},"type":"if","locations":[{"start":{"line":41,"column":2},"end":{"line":47,"column":null}}]},"6":{"loc":{"start":{"line":41,"column":6},"end":{"line":41,"column":65}},"type":"binary-expr","locations":[{"start":{"line":41,"column":6},"end":{"line":41,"column":15}},{"start":{"line":41,"column":15},"end":{"line":41,"column":44}},{"start":{"line":41,"column":44},"end":{"line":41,"column":65}}]},"7":{"loc":{"start":{"line":43,"column":3},"end":{"line":46,"column":null}},"type":"if","locations":[{"start":{"line":43,"column":3},"end":{"line":46,"column":null}}]}},"s":{"0":27,"1":2,"2":1,"3":1,"4":1,"5":27,"6":27,"7":25,"8":25,"9":2,"10":2,"11":23,"12":23,"13":22,"14":3,"15":0,"16":0,"17":0,"18":0,"19":3,"20":3,"21":1},"f":{"0":27},"b":{"0":[18],"1":[2],"2":[4,19],"3":[23,21],"4":[22,4],"5":[0],"6":[3,3,3],"7":[0]}}
,"/Users/martin/personal-projects/storyblok/test-storyblock/src/lib/schema/contactFormSchema.ts": {"path":"/Users/martin/personal-projects/storyblok/test-storyblock/src/lib/schema/contactFormSchema.ts","statementMap":{"0":{"start":{"line":28,"column":13},"end":{"line":28,"column":68}},"1":{"start":{"line":3,"column":13},"end":{"line":3,"column":33}},"2":{"start":{"line":25,"column":13},"end":{"line":25,"column":30}},"3":{"start":{"line":1,"column":18},"end":{"line":1,"column":null}},"4":{"start":{"line":3,"column":33},"end":{"line":22,"column":null}},"5":{"start":{"line":16,"column":38},"end":{"line":16,"column":52}},"6":{"start":{"line":19,"column":36},"end":{"line":19,"column":50}},"7":{"start":{"line":25,"column":30},"end":{"line":27,"column":null}},"8":{"start":{"line":26,"column":25},"end":{"line":26,"column":null}},"9":{"start":{"line":27,"column":17},"end":{"line":27,"column":null}},"10":{"start":{"line":28,"column":68},"end":{"line":38,"column":null}}},"fnMap":{"0":{"name":"(anonymous_4)","decl":{"start":{"line":16,"column":29},"end":{"line":16,"column":30}},"loc":{"start":{"line":16,"column":38},"end":{"line":16,"column":52}}},"1":{"name":"(anonymous_5)","decl":{"start":{"line":19,"column":27},"end":{"line":19,"column":28}},"loc":{"start":{"line":19,"column":36},"end":{"line":19,"column":50}}},"2":{"name":"(anonymous_6)","decl":{"start":{"line":26,"column":9},"end":{"line":26,"column":10}},"loc":{"start":{"line":26,"column":25},"end":{"line":26,"column":null}}},"3":{"name":"(anonymous_7)","decl":{"start":{"line":27,"column":6},"end":{"line":27,"column":7}},"loc":{"start":{"line":27,"column":17},"end":{"line":27,"column":null}}}},"branchMap":{},"s":{"0":0,"1":0,"2":0,"3":0,"4":0,"5":0,"6":0,"7":0,"8":0,"9":0,"10":0},"f":{"0":0,"1":0,"2":0,"3":0},"b":{}}
}
