TN:
SF:src/app/error.tsx
FN:10,ErrorPage
FN:11,(anonymous_2)
FN:26,(anonymous_3)
FNF:3
FNH:0
FNDA:0,ErrorPage
FNDA:0,(anonymous_2)
FNDA:0,(anonymous_3)
DA:3,0
DA:10,0
DA:11,0
DA:12,0
DA:26,0
LF:5
LH:0
BRDA:21,0,0,0
BRF:1
BRH:0
end_of_record
TN:
SF:src/app/robots.ts
FN:3,robots
FNF:1
FNH:0
FNDA:0,robots
DA:3,0
DA:4,0
DA:6,0
DA:9,0
LF:4
LH:0
BRDA:4,0,0,0
BRDA:4,0,1,0
BRDA:6,1,0,0
BRDA:6,1,1,0
BRDA:12,2,0,0
BRDA:12,2,1,0
BRDA:13,3,0,0
BRDA:13,3,1,0
BRDA:15,4,0,0
BRDA:15,4,1,0
BRF:10
BRH:0
end_of_record
TN:
SF:src/app/sitemap.ts
FN:3,sitemap
FN:24,(anonymous_2)
FN:25,(anonymous_3)
FN:26,(anonymous_4)
FN:28,(anonymous_5)
FN:94,(anonymous_6)
FNF:6
FNH:0
FNDA:0,sitemap
FNDA:0,(anonymous_2)
FNDA:0,(anonymous_3)
FNDA:0,(anonymous_4)
FNDA:0,(anonymous_5)
FNDA:0,(anonymous_6)
DA:3,0
DA:4,0
DA:7,0
DA:10,0
DA:12,0
DA:18,0
DA:24,0
DA:26,0
DA:28,0
DA:30,0
DA:93,0
DA:94,0
DA:106,0
LF:13
LH:0
BRDA:4,0,0,0
BRDA:4,0,1,0
BRDA:7,1,0,0
BRDA:7,1,1,0
BRDA:10,2,0,0
BRDA:12,3,0,0
BRDA:12,3,1,0
BRF:7
BRH:0
end_of_record
TN:
SF:src/app/[lang]/layout.tsx
FN:12,(anonymous_9)
FN:12,(anonymous_10)
FN:13,(anonymous_12)
FN:13,(anonymous_13)
FN:21,generateStaticParams
FN:22,(anonymous_16)
FN:25,PageLayout
FNF:7
FNH:0
FNDA:0,(anonymous_9)
FNDA:0,(anonymous_10)
FNDA:0,(anonymous_12)
FNDA:0,(anonymous_13)
FNDA:0,generateStaticParams
FNDA:0,(anonymous_16)
FNDA:0,PageLayout
DA:2,0
DA:3,0
DA:4,0
DA:7,0
DA:8,0
DA:9,0
DA:10,0
DA:11,0
DA:12,0
DA:13,0
DA:15,0
DA:17,0
DA:21,0
DA:22,0
DA:25,0
DA:32,0
DA:33,0
DA:35,0
DA:40,0
DA:41,0
LF:20
LH:0
BRDA:35,0,0,0
BRDA:35,0,1,0
BRF:2
BRH:0
end_of_record
TN:
SF:src/app/[lang]/not-found.tsx
FN:3,NotFound
FNF:1
FNH:0
FNDA:0,NotFound
DA:1,0
DA:3,0
LF:2
LH:0
BRF:0
BRH:0
end_of_record
TN:
SF:src/app/[lang]/[[...slug]]/page.tsx
FN:9,generateMetadata
FN:20,Page
FNF:2
FNH:0
FNDA:0,generateMetadata
FNDA:0,Page
DA:1,0
DA:3,0
DA:4,0
DA:6,0
DA:7,0
DA:9,0
DA:14,0
DA:15,0
DA:17,0
DA:20,0
DA:23,0
DA:24,0
DA:27,0
DA:29,0
DA:34,0
DA:36,0
DA:37,0
LF:17
LH:0
BRDA:15,0,0,0
BRDA:15,0,1,0
BRDA:27,1,0,0
BRDA:27,1,1,0
BRDA:29,2,0,0
BRDA:29,2,1,0
BRDA:36,3,0,0
BRF:7
BRH:0
end_of_record
TN:
SF:src/app/actions/contactFormAction.ts
FN:18,contactFormAction
FNF:1
FNH:0
FNDA:0,contactFormAction
DA:3,0
DA:4,0
DA:5,0
DA:10,0
DA:18,0
DA:24,0
DA:27,0
DA:28,0
DA:33,0
DA:34,0
DA:41,0
DA:42,0
DA:43,0
DA:50,0
DA:54,0
DA:55,0
DA:57,0
DA:83,0
DA:93,0
DA:94,0
DA:100,0
DA:108,0
LF:22
LH:0
BRDA:21,0,0,0
BRDA:27,1,0,0
BRDA:30,2,0,0
BRDA:30,2,1,0
BRDA:33,3,0,0
BRDA:42,4,0,0
BRDA:42,5,0,0
BRDA:42,5,1,0
BRDA:50,6,0,0
BRDA:50,6,1,0
BRDA:59,7,0,0
BRDA:59,7,1,0
BRDA:63,8,0,0
BRDA:63,8,1,0
BRDA:64,9,0,0
BRDA:64,9,1,0
BRDA:65,10,0,0
BRDA:65,10,1,0
BRDA:66,11,0,0
BRDA:66,11,1,0
BRDA:67,12,0,0
BRDA:67,12,1,0
BRDA:68,13,0,0
BRDA:68,13,1,0
BRDA:70,14,0,0
BRDA:70,14,1,0
BRDA:73,15,0,0
BRDA:73,15,1,0
BRDA:74,16,0,0
BRDA:74,16,1,0
BRDA:76,17,0,0
BRDA:76,17,1,0
BRDA:79,18,0,0
BRDA:79,18,1,0
BRDA:85,19,0,0
BRDA:85,19,1,0
BRDA:87,20,0,0
BRDA:87,20,1,0
BRDA:89,21,0,0
BRDA:89,21,1,0
BRDA:93,22,0,0
BRDA:93,22,1,0
BRDA:93,23,0,0
BRDA:93,23,1,0
BRDA:103,24,0,0
BRDA:103,24,1,0
BRF:46
BRH:0
end_of_record
TN:
SF:src/app/api/draft/route.ts
FN:6,(anonymous_1)
FN:18,(anonymous_2)
FN:24,(anonymous_3)
FN:37,(anonymous_4)
FNF:4
FNH:4
FNDA:10,(anonymous_1)
FNDA:27,(anonymous_2)
FNDA:9,(anonymous_3)
FNDA:20,(anonymous_4)
DA:1,1
DA:3,1
DA:4,1
DA:6,10
DA:7,10
DA:9,10
DA:10,10
DA:11,10
DA:14,10
DA:15,10
DA:18,27
DA:21,10
DA:22,10
DA:24,10
DA:27,9
DA:30,10
DA:31,6
DA:32,6
DA:36,10
DA:37,20
DA:41,10
DA:44,10
DA:45,10
DA:47,10
DA:49,10
DA:50,10
DA:51,10
DA:54,10
LF:28
LH:28
BRDA:9,0,0,10
BRDA:9,0,1,0
BRDA:11,1,0,10
BRDA:11,1,1,8
BRDA:15,2,0,1
BRDA:15,2,1,9
BRDA:30,3,0,6
BRDA:30,4,0,10
BRDA:30,4,1,9
BRDA:50,5,0,10
BRF:10
BRH:9
end_of_record
TN:
SF:src/app/api/revalidate/route.ts
FN:5,POST
FN:21,(anonymous_2)
FNF:2
FNH:0
FNDA:0,POST
FNDA:0,(anonymous_2)
DA:2,0
DA:3,0
DA:5,0
DA:6,0
DA:7,0
DA:8,0
DA:10,0
DA:11,0
DA:18,0
DA:19,0
DA:21,0
DA:23,0
DA:28,0
DA:29,0
DA:30,0
DA:34,0
DA:36,0
DA:40,0
DA:41,0
DA:42,0
DA:45,0
DA:52,0
DA:53,0
LF:23
LH:0
BRDA:10,0,0,0
BRF:1
BRH:0
end_of_record
TN:
SF:src/components/storyblokProvider.tsx
FN:5,(anonymous_1)
FNF:1
FNH:0
FNDA:0,(anonymous_1)
DA:3,0
DA:5,0
DA:6,0
LF:3
LH:0
BRF:0
BRH:0
end_of_record
TN:
SF:src/components/theme-provider.tsx
FN:12,ThemeProvider
FN:18,(anonymous_2)
FNF:2
FNH:0
FNDA:0,ThemeProvider
FNDA:0,(anonymous_2)
DA:6,0
DA:7,0
DA:12,0
DA:16,0
DA:18,0
DA:19,0
DA:22,0
DA:23,0
LF:8
LH:0
BRDA:22,0,0,0
BRF:1
BRH:0
end_of_record
TN:
SF:src/components/section/Footer.tsx
FN:4,(anonymous_1)
FN:102,(anonymous_2)
FNF:2
FNH:0
FNDA:0,(anonymous_1)
FNDA:0,(anonymous_2)
DA:1,0
DA:4,0
DA:5,0
DA:6,0
DA:103,0
DA:113,0
LF:6
LH:0
BRDA:5,0,0,0
BRF:1
BRH:0
end_of_record
TN:
SF:src/components/section/Header.tsx
FN:7,(anonymous_2)
FNF:1
FNH:0
FNDA:0,(anonymous_2)
DA:1,0
DA:5,0
DA:7,0
DA:73,0
LF:4
LH:0
BRDA:24,0,0,0
BRDA:61,1,0,0
BRF:2
BRH:0
end_of_record
TN:
SF:src/components/storyblok/blog.tsx
FN:9,(anonymous_2)
FNF:1
FNH:0
FNDA:0,(anonymous_2)
DA:5,0
DA:6,0
DA:9,0
DA:23,0
LF:4
LH:0
BRDA:17,0,0,0
BRDA:17,0,1,0
BRF:2
BRH:0
end_of_record
TN:
SF:src/components/storyblok/global.tsx
FN:4,(anonymous_1)
FNF:1
FNH:0
FNDA:0,(anonymous_1)
DA:1,0
DA:4,0
DA:16,0
LF:3
LH:0
BRF:0
BRH:0
end_of_record
TN:
SF:src/components/storyblok/hero.tsx
FN:9,(anonymous_2)
FNF:1
FNH:0
FNDA:0,(anonymous_2)
DA:5,0
DA:6,0
DA:9,0
DA:23,0
LF:4
LH:0
BRDA:17,0,0,0
BRDA:17,0,1,0
BRF:2
BRH:0
end_of_record
TN:
SF:src/components/storyblok/links.tsx
FN:5,(anonymous_1)
FNF:1
FNH:0
FNDA:0,(anonymous_1)
DA:1,0
DA:3,0
DA:5,0
DA:18,0
LF:4
LH:0
BRDA:10,0,0,0
BRDA:10,0,1,0
BRDA:11,1,0,0
BRDA:11,1,1,0
BRF:4
BRH:0
end_of_record
TN:
SF:src/components/storyblok/menu.tsx
FN:8,(anonymous_1)
FN:11,(anonymous_2)
FNF:2
FNH:0
FNDA:0,(anonymous_1)
FNDA:0,(anonymous_2)
DA:5,0
DA:8,0
DA:12,0
DA:18,0
LF:4
LH:0
BRF:0
BRH:0
end_of_record
TN:
SF:src/components/storyblok/menu_item.tsx
FN:5,(anonymous_1)
FN:31,(anonymous_2)
FNF:2
FNH:0
FNDA:0,(anonymous_1)
FNDA:0,(anonymous_2)
DA:1,0
DA:3,0
DA:5,0
DA:32,0
DA:46,0
LF:5
LH:0
BRDA:13,0,0,0
BRDA:16,1,0,0
BRDA:16,1,1,0
BRDA:33,2,0,0
BRDA:33,2,1,0
BRDA:34,3,0,0
BRDA:34,3,1,0
BRF:7
BRH:0
end_of_record
TN:
SF:src/components/storyblok/pageContent.tsx
FN:8,(anonymous_1)
FN:11,(anonymous_2)
FNF:2
FNH:0
FNDA:0,(anonymous_1)
FNDA:0,(anonymous_2)
DA:5,0
DA:8,0
DA:12,0
DA:18,0
LF:4
LH:0
BRF:0
BRH:0
end_of_record
TN:
SF:src/components/storyblok/section.tsx
FN:9,(anonymous_2)
FNF:1
FNH:0
FNDA:0,(anonymous_2)
DA:5,0
DA:6,0
DA:9,0
DA:36,0
LF:4
LH:0
BRDA:18,0,0,0
BRDA:18,0,1,0
BRDA:20,1,0,0
BRDA:25,2,0,0
BRDA:25,2,1,0
BRF:5
BRH:0
end_of_record
TN:
SF:src/components/storyblok/footer/footerItem.tsx
FN:8,(anonymous_1)
FN:11,(anonymous_2)
FNF:2
FNH:0
FNDA:0,(anonymous_1)
FNDA:0,(anonymous_2)
DA:5,0
DA:8,0
DA:12,0
DA:21,0
LF:4
LH:0
BRDA:14,0,0,0
BRDA:14,0,1,0
BRF:2
BRH:0
end_of_record
TN:
SF:src/components/svg/ArrowIcon.tsx
FNF:0
FNH:0
DA:19,0
LF:1
LH:0
BRDA:13,0,0,0
BRDA:13,0,1,0
BRF:2
BRH:0
end_of_record
TN:
SF:src/components/svg/CloseIcon.tsx
FNF:0
FNH:0
DA:21,0
LF:1
LH:0
BRDA:13,0,0,0
BRDA:13,0,1,0
BRF:2
BRH:0
end_of_record
TN:
SF:src/components/svg/CrossIcon.tsx
FN:4,(anonymous_1)
FNF:1
FNH:0
FNDA:0,(anonymous_1)
DA:1,0
DA:4,0
DA:5,0
DA:27,0
LF:4
LH:0
BRDA:10,0,0,0
BRDA:10,0,1,0
BRDA:11,1,0,0
BRDA:11,1,1,0
BRDA:21,2,0,0
BRDA:21,2,1,0
BRF:6
BRH:0
end_of_record
TN:
SF:src/components/svg/MenuIcon.tsx
FNF:0
FNH:0
DA:21,0
LF:1
LH:0
BRDA:13,0,0,0
BRDA:13,0,1,0
BRF:2
BRH:0
end_of_record
TN:
SF:src/components/svg/MinusIcon.tsx
FN:4,(anonymous_1)
FNF:1
FNH:0
FNDA:0,(anonymous_1)
DA:1,0
DA:4,0
DA:5,0
DA:25,0
LF:4
LH:0
BRDA:10,0,0,0
BRDA:10,0,1,0
BRDA:11,1,0,0
BRDA:11,1,1,0
BRDA:20,2,0,0
BRDA:20,2,1,0
BRF:6
BRH:0
end_of_record
TN:
SF:src/components/svg/MoonIcon.tsx
FNF:0
FNH:0
DA:20,0
LF:1
LH:0
BRDA:13,0,0,0
BRDA:13,0,1,0
BRF:2
BRH:0
end_of_record
TN:
SF:src/components/svg/SearchIcon.tsx
FN:4,(anonymous_1)
FNF:1
FNH:0
FNDA:0,(anonymous_1)
DA:1,0
DA:4,0
DA:5,0
DA:30,0
LF:4
LH:0
BRDA:10,0,0,0
BRDA:10,0,1,0
BRDA:11,1,0,0
BRDA:11,1,1,0
BRDA:19,2,0,0
BRDA:19,2,1,0
BRF:6
BRH:0
end_of_record
TN:
SF:src/components/svg/SunIcon.tsx
FNF:0
FNH:0
DA:21,0
LF:1
LH:0
BRDA:13,0,0,0
BRDA:13,0,1,0
BRF:2
BRH:0
end_of_record
TN:
SF:src/components/ui/Card.tsx
FN:12,Card
FNF:1
FNH:0
FNDA:0,Card
DA:2,0
DA:12,0
LF:2
LH:0
BRDA:18,0,0,0
BRDA:23,1,0,0
BRDA:23,1,1,0
BRDA:41,2,0,0
BRDA:44,3,0,0
BRDA:44,3,1,0
BRF:6
BRH:0
end_of_record
TN:
SF:src/components/ui/CommonPart.tsx
FN:8,CommonPart
FNF:1
FNH:0
FNDA:0,CommonPart
DA:8,0
LF:1
LH:0
BRF:0
BRH:0
end_of_record
TN:
SF:src/components/ui/GetTouch.tsx
FN:11,GetTouch
FNF:1
FNH:0
FNDA:0,GetTouch
DA:2,0
DA:11,0
LF:2
LH:0
BRDA:22,0,0,0
BRDA:22,0,1,0
BRF:2
BRH:0
end_of_record
TN:
SF:src/components/ui/Grid.tsx
FN:4,Grid
FN:8,(anonymous_2)
FNF:2
FNH:0
FNDA:0,Grid
FNDA:0,(anonymous_2)
DA:1,0
DA:4,0
DA:9,0
LF:3
LH:0
BRF:0
BRH:0
end_of_record
TN:
SF:src/components/ui/HeroBanner.tsx
FN:10,HeroBanner
FNF:1
FNH:0
FNDA:0,HeroBanner
DA:2,0
DA:10,0
LF:2
LH:0
BRDA:32,0,0,0
BRDA:35,1,0,0
BRDA:35,1,1,0
BRF:3
BRH:0
end_of_record
TN:
SF:src/components/ui/Partner.tsx
FN:16,Partner
FNF:1
FNH:0
FNDA:0,Partner
DA:2,0
DA:16,0
DA:18,0
DA:19,0
DA:21,0
DA:23,0
LF:6
LH:0
BRDA:19,0,0,0
BRDA:19,0,1,0
BRDA:21,1,0,0
BRDA:21,1,1,0
BRDA:32,2,0,0
BRDA:36,3,0,0
BRDA:36,3,1,0
BRDA:56,4,0,0
BRDA:61,5,0,0
BRDA:61,5,1,0
BRDA:62,6,0,0
BRDA:62,6,1,0
BRDA:63,7,0,0
BRDA:63,7,1,0
BRF:14
BRH:0
end_of_record
TN:
SF:src/components/ui/Process.tsx
FN:18,Process
FN:52,(anonymous_3)
FNF:2
FNH:0
FNDA:0,Process
FNDA:0,(anonymous_3)
DA:2,0
DA:3,0
DA:18,0
DA:53,0
LF:4
LH:0
BRDA:23,0,0,0
BRDA:23,0,1,0
BRDA:51,1,0,0
BRDA:51,1,1,0
BRDA:59,2,0,0
BRDA:64,3,0,0
BRDA:64,3,1,0
BRDA:65,4,0,0
BRDA:65,4,1,0
BRDA:67,5,0,0
BRDA:67,5,1,0
BRF:11
BRH:0
end_of_record
TN:
SF:src/components/ui/language-switcher.tsx
FN:23,(anonymous_1)
FN:25,(anonymous_2)
FN:40,(anonymous_3)
FN:43,(anonymous_4)
FN:48,(anonymous_5)
FN:53,(anonymous_6)
FN:65,(anonymous_7)
FN:77,(anonymous_8)
FNF:8
FNH:0
FNDA:0,(anonymous_1)
FNDA:0,(anonymous_2)
FNDA:0,(anonymous_3)
FNDA:0,(anonymous_4)
FNDA:0,(anonymous_5)
FNDA:0,(anonymous_6)
FNDA:0,(anonymous_7)
FNDA:0,(anonymous_8)
DA:3,0
DA:4,0
DA:5,0
DA:6,0
DA:7,0
DA:8,0
DA:17,0
DA:23,0
DA:25,0
DA:26,0
DA:27,0
DA:28,0
DA:29,0
DA:30,0
DA:32,0
DA:33,0
DA:35,0
DA:36,0
DA:38,0
DA:40,0
DA:43,0
DA:44,0
DA:48,0
DA:49,0
DA:50,0
DA:53,0
DA:54,0
DA:58,0
DA:66,0
DA:78,0
DA:94,0
LF:31
LH:0
BRDA:49,0,0,0
BRDA:70,1,0,0
BRDA:70,1,1,0
BRDA:88,2,0,0
BRDA:88,2,1,0
BRF:5
BRH:0
end_of_record
TN:
SF:src/components/ui/select.tsx
FN:9,Select
FN:15,SelectGroup
FN:21,SelectValue
FN:27,SelectTrigger
FN:53,SelectContent
FN:90,SelectLabel
FN:103,SelectItem
FN:127,SelectSeparator
FN:140,SelectScrollUpButton
FN:158,SelectScrollDownButton
FNF:10
FNH:0
FNDA:0,Select
FNDA:0,SelectGroup
FNDA:0,SelectValue
FNDA:0,SelectTrigger
FNDA:0,SelectContent
FNDA:0,SelectLabel
FNDA:0,SelectItem
FNDA:0,SelectSeparator
FNDA:0,SelectScrollUpButton
FNDA:0,SelectScrollDownButton
DA:3,0
DA:4,0
DA:7,0
DA:177,0
DA:178,0
DA:179,0
DA:180,0
DA:181,0
DA:182,0
DA:183,0
DA:184,0
DA:185,0
DA:186,0
LF:13
LH:0
BRDA:29,0,0,0
BRDA:56,1,0,0
BRDA:57,2,0,0
BRDA:66,3,0,0
BRDA:66,3,1,0
BRDA:78,4,0,0
BRDA:78,4,1,0
BRF:7
BRH:0
end_of_record
TN:
SF:src/lib/metadata.ts
FN:10,generateStoryblokMetadata
FNF:1
FNH:0
FNDA:0,generateStoryblokMetadata
DA:3,0
DA:10,0
DA:14,0
DA:18,0
DA:20,0
DA:22,0
DA:28,0
DA:29,0
DA:32,0
DA:35,0
DA:55,0
DA:56,0
DA:65,0
LF:13
LH:0
BRDA:14,0,0,0
BRDA:14,0,1,0
BRDA:20,1,0,0
BRDA:32,2,0,0
BRDA:32,2,1,0
BRDA:36,3,0,0
BRDA:36,3,1,0
BRDA:37,4,0,0
BRDA:37,4,1,0
BRDA:39,5,0,0
BRDA:39,5,1,0
BRDA:40,6,0,0
BRDA:40,6,1,0
BRDA:41,7,0,0
BRDA:41,7,1,0
BRDA:44,8,0,0
BRDA:44,8,1,0
BRDA:45,9,0,0
BRDA:45,9,1,0
BRDA:46,10,0,0
BRDA:46,10,1,0
BRDA:49,11,0,0
BRDA:49,11,1,0
BRDA:50,12,0,0
BRDA:50,12,1,0
BRDA:55,13,0,0
BRF:26
BRH:0
end_of_record
TN:
SF:src/lib/storyblok.ts
FN:13,(anonymous_5)
FN:13,(anonymous_6)
FN:18,(anonymous_8)
FN:18,(anonymous_9)
FN:23,(anonymous_11)
FN:23,(anonymous_12)
FN:26,(anonymous_14)
FN:26,(anonymous_15)
FN:30,(anonymous_17)
FN:30,(anonymous_18)
FN:34,(anonymous_20)
FN:34,(anonymous_21)
FN:37,(anonymous_23)
FN:37,(anonymous_24)
FN:41,(anonymous_26)
FN:41,(anonymous_27)
FNF:16
FNH:0
FNDA:0,(anonymous_5)
FNDA:0,(anonymous_6)
FNDA:0,(anonymous_8)
FNDA:0,(anonymous_9)
FNDA:0,(anonymous_11)
FNDA:0,(anonymous_12)
FNDA:0,(anonymous_14)
FNDA:0,(anonymous_15)
FNDA:0,(anonymous_17)
FNDA:0,(anonymous_18)
FNDA:0,(anonymous_20)
FNDA:0,(anonymous_21)
FNDA:0,(anonymous_23)
FNDA:0,(anonymous_24)
FNDA:0,(anonymous_26)
FNDA:0,(anonymous_27)
DA:1,0
DA:2,0
DA:3,0
DA:4,0
DA:5,0
DA:6,0
DA:7,0
DA:8,0
DA:9,0
DA:10,0
DA:11,0
DA:13,0
DA:18,0
DA:23,0
DA:26,0
DA:30,0
DA:34,0
DA:37,0
DA:41,0
DA:47,0
DA:67,0
LF:21
LH:0
BRF:0
BRH:0
end_of_record
TN:
SF:src/lib/utils.ts
FN:4,cn
FN:22,(anonymous_9)
FN:26,(anonymous_10)
FN:34,onReCaptchaVerify
FN:121,(anonymous_12)
FN:175,(anonymous_13)
FN:239,(anonymous_14)
FN:277,(anonymous_15)
FN:281,(anonymous_16)
FNF:9
FNH:0
FNDA:0,cn
FNDA:0,(anonymous_9)
FNDA:0,(anonymous_10)
FNDA:0,onReCaptchaVerify
FNDA:0,(anonymous_12)
FNDA:0,(anonymous_13)
FNDA:0,(anonymous_14)
FNDA:0,(anonymous_15)
FNDA:0,(anonymous_16)
DA:1,0
DA:2,0
DA:4,0
DA:5,0
DA:22,0
DA:23,0
DA:24,0
DA:25,0
DA:27,0
DA:29,0
DA:31,0
DA:34,0
DA:35,0
DA:37,0
DA:38,0
DA:39,0
DA:41,0
DA:42,0
DA:43,0
DA:45,0
DA:46,0
DA:47,0
DA:50,0
DA:51,0
DA:57,0
DA:59,0
DA:60,0
DA:121,0
DA:126,0
DA:128,0
DA:134,0
DA:135,0
DA:144,0
DA:145,0
DA:146,0
DA:152,0
DA:154,0
DA:155,0
DA:161,0
DA:166,0
DA:175,0
DA:182,0
DA:184,0
DA:193,0
DA:194,0
DA:204,0
DA:205,0
DA:206,0
DA:212,0
DA:214,0
DA:215,0
DA:221,0
DA:223,0
DA:239,0
DA:243,0
DA:244,0
DA:245,0
DA:249,0
DA:250,0
DA:252,0
DA:259,0
DA:260,0
DA:265,0
DA:268,0
DA:270,0
DA:272,0
DA:273,0
DA:277,0
DA:278,0
DA:281,0
DA:282,0
LF:71
LH:0
BRDA:24,0,0,0
BRDA:25,1,0,0
BRDA:25,1,1,0
BRDA:29,2,0,0
BRDA:29,2,1,0
BRDA:37,3,0,0
BRDA:41,4,0,0
BRDA:45,5,0,0
BRDA:130,6,0,0
BRDA:130,6,1,0
BRDA:131,7,0,0
BRDA:131,7,1,0
BRDA:139,8,0,0
BRDA:139,8,1,0
BRDA:144,9,0,0
BRDA:154,10,0,0
BRDA:169,11,0,0
BRDA:169,11,1,0
BRDA:180,12,0,0
BRDA:198,13,0,0
BRDA:198,13,1,0
BRDA:204,14,0,0
BRDA:214,15,0,0
BRDA:217,16,0,0
BRDA:217,16,1,0
BRDA:225,17,0,0
BRDA:225,17,1,0
BRDA:244,18,0,0
BRDA:244,18,1,0
BRDA:247,19,0,0
BRDA:247,19,1,0
BRDA:259,20,0,0
BRF:32
BRH:0
end_of_record
TN:
SF:src/lib/fetchers/handleStoryblokApi.ts
FN:5,handleStoryblokApi
FNF:1
FNH:0
FNDA:0,handleStoryblokApi
DA:1,0
DA:3,0
DA:5,0
DA:6,0
DA:7,0
DA:9,0
DA:13,0
DA:15,0
DA:16,0
DA:19,0
LF:10
LH:0
BRDA:7,0,0,0
BRDA:7,0,1,0
BRDA:9,1,0,0
BRDA:9,1,1,0
BRDA:15,2,0,0
BRF:5
BRH:0
end_of_record
TN:
SF:src/lib/fetchers/storyblok-fetcher.ts
FN:5,fetchSBData
FNF:1
FNH:1
FNDA:27,fetchSBData
DA:1,1
DA:2,1
DA:3,1
DA:5,27
DA:10,27
DA:11,27
DA:12,25
DA:14,25
DA:15,2
DA:16,2
DA:19,23
DA:21,23
DA:38,22
DA:41,3
DA:42,0
DA:43,0
DA:44,0
DA:45,0
DA:49,3
DA:50,3
DA:54,2
LF:21
LH:17
BRDA:8,0,0,18
BRDA:14,1,0,2
BRDA:25,2,0,4
BRDA:25,2,1,19
BRDA:25,3,0,23
BRDA:25,3,1,21
BRDA:38,4,0,22
BRDA:38,4,1,4
BRDA:41,5,0,0
BRDA:41,6,0,3
BRDA:41,6,1,3
BRDA:41,6,2,3
BRDA:43,7,0,0
BRF:13
BRH:11
end_of_record
TN:
SF:src/lib/schema/contactFormSchema.ts
FN:16,(anonymous_4)
FN:19,(anonymous_5)
FN:26,(anonymous_6)
FN:27,(anonymous_7)
FNF:4
FNH:0
FNDA:0,(anonymous_4)
FNDA:0,(anonymous_5)
FNDA:0,(anonymous_6)
FNDA:0,(anonymous_7)
DA:1,0
DA:3,0
DA:16,0
DA:19,0
DA:25,0
DA:26,0
DA:27,0
DA:28,0
LF:8
LH:0
BRF:0
BRH:0
end_of_record
